Log file open, 02/22/17 00:04:05
LogInit:Display: Running engine for game: DungeonCrawler
LogPlatformFile: Not using cached read wrapper
LogInit:Display: RandInit(-389677966) SRandInit(-389677966).
LogTaskGraph: Started task graph with 5 named threads and 8 total threads with 1 sets of task threads.
LogStats: Stats thread started at 0.203370
LogPluginManager: Loaded Plugin Paper2D, From C:/Program Files (x86)/Epic Games/4.14/Engine/Plugins/2D/Paper2D/Paper2D.uplugin
LogPluginManager: Loaded Plugin LightPropagationVolume, From C:/Program Files (x86)/Epic Games/4.14/Engine/Plugins/Blendables/LightPropagationVolume/LightPropagationVolume.uplugin
LogPluginManager: Loaded Plugin BlankPlugin, From C:/Program Files (x86)/Epic Games/4.14/Engine/Plugins/Developer/BlankPlugin/BlankPlugin.uplugin
LogPluginManager: Loaded Plugin CodeLiteSourceCodeAccess, From C:/Program Files (x86)/Epic Games/4.14/Engine/Plugins/Developer/CodeLiteSourceCodeAccess/CodeLiteSourceCodeAccess.uplugin
LogPluginManager: Loaded Plugin GitSourceControl, From C:/Program Files (x86)/Epic Games/4.14/Engine/Plugins/Developer/GitSourceControl/GitSourceControl.uplugin
LogPluginManager: Loaded Plugin KDevelopSourceCodeAccess, From C:/Program Files (x86)/Epic Games/4.14/Engine/Plugins/Developer/KDevelopSourceCodeAccess/KDevelopSourceCodeAccess.uplugin
LogPluginManager: Loaded Plugin NullSourceCodeAccess, From C:/Program Files (x86)/Epic Games/4.14/Engine/Plugins/Developer/NullSourceCodeAccess/NullSourceCodeAccess.uplugin
LogPluginManager: Loaded Plugin OneSkyLocalizationService, From C:/Program Files (x86)/Epic Games/4.14/Engine/Plugins/Developer/OneSkyLocalizationService/OneSkyLocalizationService.uplugin
LogPluginManager: Loaded Plugin PerforceSourceControl, From C:/Program Files (x86)/Epic Games/4.14/Engine/Plugins/Developer/PerforceSourceControl/PerforceSourceControl.uplugin
LogPluginManager: Loaded Plugin SubversionSourceControl, From C:/Program Files (x86)/Epic Games/4.14/Engine/Plugins/Developer/SubversionSourceControl/SubversionSourceControl.uplugin
LogPluginManager: Loaded Plugin UObjectPlugin, From C:/Program Files (x86)/Epic Games/4.14/Engine/Plugins/Developer/UObjectPlugin/UObjectPlugin.uplugin
LogPluginManager: Loaded Plugin VisualStudioSourceCodeAccess, From C:/Program Files (x86)/Epic Games/4.14/Engine/Plugins/Developer/VisualStudioSourceCodeAccess/VisualStudioSourceCodeAccess.uplugin
LogPluginManager: Loaded Plugin XCodeSourceCodeAccess, From C:/Program Files (x86)/Epic Games/4.14/Engine/Plugins/Developer/XCodeSourceCodeAccess/XCodeSourceCodeAccess.uplugin
LogPluginManager: Loaded Plugin AudioCapture, From C:/Program Files (x86)/Epic Games/4.14/Engine/Plugins/Editor/AudioCapture/AudioCapture.uplugin
LogPluginManager: Loaded Plugin EpicSurvey, From C:/Program Files (x86)/Epic Games/4.14/Engine/Plugins/Editor/EpicSurvey/EpicSurvey.uplugin
LogPluginManager: Loaded Plugin MacGraphicsSwitching, From C:/Program Files (x86)/Epic Games/4.14/Engine/Plugins/Editor/MacGraphicsSwitching/MacGraphicsSwitching.uplugin
LogPluginManager: Loaded Plugin MobileLauncherProfileWizard, From C:/Program Files (x86)/Epic Games/4.14/Engine/Plugins/Editor/MobileLauncherProfileWizard/MobileLauncherProfileWizard.uplugin
LogPluginManager: Loaded Plugin PluginBrowser, From C:/Program Files (x86)/Epic Games/4.14/Engine/Plugins/Editor/PluginBrowser/PluginBrowser.uplugin
LogPluginManager: Loaded Plugin SpeedTreeImporter, From C:/Program Files (x86)/Epic Games/4.14/Engine/Plugins/Editor/SpeedTreeImporter/SpeedTreeImporter.uplugin
LogPluginManager: Loaded Plugin SuperSearchEditor, From C:/Program Files (x86)/Epic Games/4.14/Engine/Plugins/Editor/SuperSearchEditor/SuperSearchEditor.uplugin
LogPluginManager: Loaded Plugin AlembicImporter, From C:/Program Files (x86)/Epic Games/4.14/Engine/Plugins/Experimental/AlembicImporter/AlembicImporter.uplugin
LogPluginManager: Loaded Plugin BlueprintStats, From C:/Program Files (x86)/Epic Games/4.14/Engine/Plugins/Experimental/BlueprintStats/BlueprintStats.uplugin
LogPluginManager: Loaded Plugin CharacterAI, From C:/Program Files (x86)/Epic Games/4.14/Engine/Plugins/Experimental/CharacterAI/CharacterAI.uplugin
LogPluginManager: Loaded Plugin CodeEditor, From C:/Program Files (x86)/Epic Games/4.14/Engine/Plugins/Experimental/CodeEditor/CodeEditor.uplugin
LogPluginManager: Loaded Plugin CodeView, From C:/Program Files (x86)/Epic Games/4.14/Engine/Plugins/Experimental/CodeView/CodeView.uplugin
LogPluginManager: Loaded Plugin HTML5Networking, From C:/Program Files (x86)/Epic Games/4.14/Engine/Plugins/Experimental/HTML5Networking/HTML5Networking.uplugin
LogPluginManager: Loaded Plugin OSVR, From C:/Program Files (x86)/Epic Games/4.14/Engine/Plugins/Experimental/OSVR/OSVR.uplugin
LogPluginManager: Loaded Plugin Phya, From C:/Program Files (x86)/Epic Games/4.14/Engine/Plugins/Experimental/Phya/Phya.uplugin
LogPluginManager: Loaded Plugin SignificanceManager, From C:/Program Files (x86)/Epic Games/4.14/Engine/Plugins/Experimental/SignificanceManager/SignificanceManager.uplugin
LogPluginManager: Loaded Plugin SimpleHMD, From C:/Program Files (x86)/Epic Games/4.14/Engine/Plugins/Experimental/SimpleHMD/SimpleHMD.uplugin
LogPluginManager: Loaded Plugin StereoPanorama, From C:/Program Files (x86)/Epic Games/4.14/Engine/Plugins/Experimental/StereoPanorama/StereoPanorama.uplugin
LogPluginManager: Loaded Plugin StructBox, From C:/Program Files (x86)/Epic Games/4.14/Engine/Plugins/Experimental/StructBox/StructBox.uplugin
LogPluginManager: Loaded Plugin AndroidMedia, From C:/Program Files (x86)/Epic Games/4.14/Engine/Plugins/Media/AndroidMedia/AndroidMedia.uplugin
LogPluginManager: Loaded Plugin AvfMedia, From C:/Program Files (x86)/Epic Games/4.14/Engine/Plugins/Media/AvfMedia/AvfMedia.uplugin
LogPluginManager: Loaded Plugin MediaPlayerEditor, From C:/Program Files (x86)/Epic Games/4.14/Engine/Plugins/Media/MediaPlayerEditor/MediaPlayerEditor.uplugin
LogPluginManager: Loaded Plugin WmfMedia, From C:/Program Files (x86)/Epic Games/4.14/Engine/Plugins/Media/WmfMedia/WmfMedia.uplugin
LogPluginManager: Loaded Plugin MessagingDebugger, From C:/Program Files (x86)/Epic Games/4.14/Engine/Plugins/Messaging/MessagingDebugger/MessagingDebugger.uplugin
LogPluginManager: Loaded Plugin TcpMessaging, From C:/Program Files (x86)/Epic Games/4.14/Engine/Plugins/Messaging/TcpMessaging/TcpMessaging.uplugin
LogPluginManager: Loaded Plugin UdpMessaging, From C:/Program Files (x86)/Epic Games/4.14/Engine/Plugins/Messaging/UdpMessaging/UdpMessaging.uplugin
LogPluginManager: Loaded Plugin LevelSequenceEditor, From C:/Program Files (x86)/Epic Games/4.14/Engine/Plugins/MovieScene/LevelSequenceEditor/LevelSequenceEditor.uplugin
LogPluginManager: Loaded Plugin MatineeToLevelSequence, From C:/Program Files (x86)/Epic Games/4.14/Engine/Plugins/MovieScene/MatineeToLevelSequence/MatineeToLevelSequence.uplugin
LogPluginManager: Loaded Plugin NetcodeUnitTest, From C:/Program Files (x86)/Epic Games/4.14/Engine/Plugins/NetcodeUnitTest/NetcodeUnitTest/NetcodeUnitTest.uplugin
LogPluginManager: Loaded Plugin NUTUnrealEngine4, From C:/Program Files (x86)/Epic Games/4.14/Engine/Plugins/NetcodeUnitTest/NUTUnrealEngine4/NUTUnrealEngine4.uplugin
LogPluginManager: Loaded Plugin OnlineSubsystemGameCircle, From C:/Program Files (x86)/Epic Games/4.14/Engine/Plugins/Online/Android/OnlineSubsystemGameCircle/OnlineSubsystemGameCircle.uplugin
LogPluginManager: Loaded Plugin OnlineSubsystemGooglePlay, From C:/Program Files (x86)/Epic Games/4.14/Engine/Plugins/Online/Android/OnlineSubsystemGooglePlay/OnlineSubsystemGooglePlay.uplugin
LogPluginManager: Loaded Plugin OnlineSubsystemIOS, From C:/Program Files (x86)/Epic Games/4.14/Engine/Plugins/Online/IOS/OnlineSubsystemIOS/OnlineSubsystemIOS.uplugin
LogPluginManager: Loaded Plugin OnlineFramework, From C:/Program Files (x86)/Epic Games/4.14/Engine/Plugins/Online/OnlineFramework/OnlineFramework.uplugin
LogPluginManager: Loaded Plugin OnlineSubsystem, From C:/Program Files (x86)/Epic Games/4.14/Engine/Plugins/Online/OnlineSubsystem/OnlineSubsystem.uplugin
LogPluginManager: Loaded Plugin OnlineSubsystemAmazon, From C:/Program Files (x86)/Epic Games/4.14/Engine/Plugins/Online/OnlineSubsystemAmazon/OnlineSubsystemAmazon.uplugin
LogPluginManager: Loaded Plugin OnlineSubsystemFacebook, From C:/Program Files (x86)/Epic Games/4.14/Engine/Plugins/Online/OnlineSubsystemFacebook/OnlineSubsystemFacebook.uplugin
LogPluginManager: Loaded Plugin OnlineSubsystemNull, From C:/Program Files (x86)/Epic Games/4.14/Engine/Plugins/Online/OnlineSubsystemNull/OnlineSubsystemNull.uplugin
LogPluginManager: Loaded Plugin OnlineSubsystemOculus, From C:/Program Files (x86)/Epic Games/4.14/Engine/Plugins/Online/OnlineSubsystemOculus/OnlineSubsystemOculus.uplugin
LogPluginManager: Loaded Plugin OnlineSubsystemSteam, From C:/Program Files (x86)/Epic Games/4.14/Engine/Plugins/Online/OnlineSubsystemSteam/OnlineSubsystemSteam.uplugin
LogPluginManager: Loaded Plugin OnlineSubsystemUtils, From C:/Program Files (x86)/Epic Games/4.14/Engine/Plugins/Online/OnlineSubsystemUtils/OnlineSubsystemUtils.uplugin
LogPluginManager: Loaded Plugin IOSTapJoy, From C:/Program Files (x86)/Epic Games/4.14/Engine/Plugins/Runtime/Advertising/IOSTapJoy/IOSTapJoy.uplugin
LogPluginManager: Loaded Plugin AnalyticsBlueprintLibrary, From C:/Program Files (x86)/Epic Games/4.14/Engine/Plugins/Runtime/Analytics/AnalyticsBlueprintLibrary/AnalyticsBlueprintLibrary.uplugin
LogPluginManager: Loaded Plugin AnalyticsMulticast, From C:/Program Files (x86)/Epic Games/4.14/Engine/Plugins/Runtime/Analytics/AnalyticsMulticast/AnalyticsMulticast.uplugin
LogPluginManager: Loaded Plugin Apsalar, From C:/Program Files (x86)/Epic Games/4.14/Engine/Plugins/Runtime/Analytics/Apsalar/Apsalar.uplugin
LogPluginManager: Loaded Plugin FileLogging, From C:/Program Files (x86)/Epic Games/4.14/Engine/Plugins/Runtime/Analytics/FileLogging/FileLogging.uplugin
LogPluginManager: Loaded Plugin Flurry, From C:/Program Files (x86)/Epic Games/4.14/Engine/Plugins/Runtime/Analytics/Flurry/Flurry.uplugin
LogPluginManager: Loaded Plugin AndroidDeviceProfileSelector, From C:/Program Files (x86)/Epic Games/4.14/Engine/Plugins/Runtime/AndroidDeviceProfileSelector/AndroidDeviceProfileSelector.uplugin
LogPluginManager: Loaded Plugin AndroidMoviePlayer, From C:/Program Files (x86)/Epic Games/4.14/Engine/Plugins/Runtime/AndroidMoviePlayer/AndroidMoviePlayer.uplugin
LogPluginManager: Loaded Plugin AppleMoviePlayer, From C:/Program Files (x86)/Epic Games/4.14/Engine/Plugins/Runtime/AppleMoviePlayer/AppleMoviePlayer.uplugin
LogPluginManager: Loaded Plugin ArchVisCharacter, From C:/Program Files (x86)/Epic Games/4.14/Engine/Plugins/Runtime/ArchVisCharacter/ArchVisCharacter.uplugin
LogPluginManager: Loaded Plugin CableComponent, From C:/Program Files (x86)/Epic Games/4.14/Engine/Plugins/Runtime/CableComponent/CableComponent.uplugin
LogPluginManager: Loaded Plugin CustomMeshComponent, From C:/Program Files (x86)/Epic Games/4.14/Engine/Plugins/Runtime/CustomMeshComponent/CustomMeshComponent.uplugin
LogPluginManager: Loaded Plugin ExampleDeviceProfileSelector, From C:/Program Files (x86)/Epic Games/4.14/Engine/Plugins/Runtime/ExampleDeviceProfileSelector/ExampleDeviceProfileSelector.uplugin
LogPluginManager: Loaded Plugin GearVR, From C:/Program Files (x86)/Epic Games/4.14/Engine/Plugins/Runtime/GearVR/GearVR.uplugin
LogPluginManager: Loaded Plugin GoogleVRController, From C:/Program Files (x86)/Epic Games/4.14/Engine/Plugins/Runtime/GoogleVR/GoogleVRController/GoogleVRController.uplugin
LogPluginManager: Loaded Plugin GoogleVRHMD, From C:/Program Files (x86)/Epic Games/4.14/Engine/Plugins/Runtime/GoogleVR/GoogleVRHMD/GoogleVRHMD.uplugin
LogPluginManager: Loaded Plugin IOSDeviceProfileSelector, From C:/Program Files (x86)/Epic Games/4.14/Engine/Plugins/Runtime/IOSDeviceProfileSelector/IOSDeviceProfileSelector.uplugin
LogPluginManager: Loaded Plugin LeapMotion, From C:/Program Files (x86)/Epic Games/4.14/Engine/Plugins/Runtime/LeapMotion/LeapMotion.uplugin
LogPluginManager: Loaded Plugin LinuxDeviceProfileSelector, From C:/Program Files (x86)/Epic Games/4.14/Engine/Plugins/Runtime/LinuxDeviceProfileSelector/LinuxDeviceProfileSelector.uplugin
LogPluginManager: Loaded Plugin MIDIDevice, From C:/Program Files (x86)/Epic Games/4.14/Engine/Plugins/Runtime/MIDIDevice/MIDIDevice.uplugin
LogPluginManager: Loaded Plugin MobilePatchingUtils, From C:/Program Files (x86)/Epic Games/4.14/Engine/Plugins/Runtime/MobilePatchingUtils/MobilePatchingUtils.uplugin
LogPluginManager: Loaded Plugin Ansel, From C:/Program Files (x86)/Epic Games/4.14/Engine/Plugins/Runtime/Nvidia/Ansel/Ansel.uplugin
LogPluginManager: Loaded Plugin OculusAudio, From C:/Program Files (x86)/Epic Games/4.14/Engine/Plugins/Runtime/OculusAudio/OculusAudio.uplugin
LogPluginManager: Loaded Plugin OculusInput, From C:/Program Files (x86)/Epic Games/4.14/Engine/Plugins/Runtime/OculusInput/OculusInput.uplugin
LogPluginManager: Loaded Plugin OculusLibrary, From C:/Program Files (x86)/Epic Games/4.14/Engine/Plugins/Runtime/OculusLibrary/OculusLibrary.uplugin
LogPluginManager: Loaded Plugin OculusRift, From C:/Program Files (x86)/Epic Games/4.14/Engine/Plugins/Runtime/OculusRift/OculusRift.uplugin
LogPluginManager: Loaded Plugin Oodle, From C:/Program Files (x86)/Epic Games/4.14/Engine/Plugins/Runtime/PacketHandlers/CompressionComponents/Oodle/Oodle.uplugin
LogPluginManager: Loaded Plugin ProceduralMeshComponent, From C:/Program Files (x86)/Epic Games/4.14/Engine/Plugins/Runtime/ProceduralMeshComponent/ProceduralMeshComponent.uplugin
LogPluginManager: Loaded Plugin SoundMod, From C:/Program Files (x86)/Epic Games/4.14/Engine/Plugins/Runtime/SoundMod/SoundMod.uplugin
LogPluginManager: Loaded Plugin SoundVisualizations, From C:/Program Files (x86)/Epic Games/4.14/Engine/Plugins/Runtime/SoundVisualizations/SoundVisualizations.uplugin
LogPluginManager: Loaded Plugin SteamController, From C:/Program Files (x86)/Epic Games/4.14/Engine/Plugins/Runtime/Steam/SteamController/SteamController.uplugin
LogPluginManager: Loaded Plugin SteamVR, From C:/Program Files (x86)/Epic Games/4.14/Engine/Plugins/Runtime/Steam/SteamVR/SteamVR.uplugin
LogPluginManager: Loaded Plugin WebBrowserWidget, From C:/Program Files (x86)/Epic Games/4.14/Engine/Plugins/Runtime/WebBrowserWidget/WebBrowserWidget.uplugin
LogPluginManager: Loaded Plugin WindowsDeviceProfileSelector, From C:/Program Files (x86)/Epic Games/4.14/Engine/Plugins/Runtime/WindowsDeviceProfileSelector/WindowsDeviceProfileSelector.uplugin
LogPluginManager: Loaded Plugin WindowsMoviePlayer, From C:/Program Files (x86)/Epic Games/4.14/Engine/Plugins/Runtime/WindowsMoviePlayer/WindowsMoviePlayer.uplugin
LogPluginManager: Loaded Plugin ScriptPlugin, From C:/Program Files (x86)/Epic Games/4.14/Engine/Plugins/ScriptPlugin/ScriptPlugin.uplugin
LogPluginManager: Loaded Plugin SlateRemote, From C:/Program Files (x86)/Epic Games/4.14/Engine/Plugins/Slate/SlateRemote/SlateRemote.uplugin
LogPluginManager: Loaded Plugin EditorTests, From C:/Program Files (x86)/Epic Games/4.14/Engine/Plugins/Tests/EditorTests/EditorTests.uplugin
LogPluginManager: Loaded Plugin FbxAutomationTestBuilder, From C:/Program Files (x86)/Epic Games/4.14/Engine/Plugins/Tests/FbxAutomationTestBuilder/FbxAutomationTestBuilder.uplugin
LogPluginManager: Loaded Plugin FunctionalTestingEditor, From C:/Program Files (x86)/Epic Games/4.14/Engine/Plugins/Tests/FunctionalTestingEditor/FunctionalTestingEditor.uplugin
LogPluginManager: Loaded Plugin RuntimeTests, From C:/Program Files (x86)/Epic Games/4.14/Engine/Plugins/Tests/RuntimeTests/RuntimeTests.uplugin
LogPluginManager: Loaded Plugin ScreenshotTools, From C:/Program Files (x86)/Epic Games/4.14/Engine/Plugins/Tests/ScreenshotTools/ScreenshotTools.uplugin
LogInit: Using libcurl 7.47.1
LogInit:  - built for x86_64-pc-win32
LogInit:  - supports SSL with OpenSSL/1.0.2g
LogInit:  - supports HTTP deflate (compression) using libz 1.2.8
LogInit:  - other features:
LogInit:      CURL_VERSION_SSL
LogInit:      CURL_VERSION_LIBZ
LogInit:      CURL_VERSION_IPV6
LogInit:      CURL_VERSION_ASYNCHDNS
LogInit:      CURL_VERSION_LARGEFILE
LogInit:      CURL_VERSION_IDN
LogInit:  CurlRequestOptions (configurable via config and command line):
LogInit:  - bVerifyPeer = false  - Libcurl will NOT verify peer certificate
LogInit:  - bUseHttpProxy = false  - Libcurl will NOT use HTTP proxy
LogInit:  - bDontReuseConnections = false  - Libcurl will reuse connections
LogInit:  - CertBundlePath = nullptr  - Libcurl will use whatever was configured at build time.
LogInit: Build: ++UE4+Release-4.14-CL-3249277
LogInit: Engine Version: 4.14.3-3249277+++UE4+Release-4.14
LogInit: Compatible Engine Version: 4.14.0-3195953+++UE4+Release-4.14
LogInit: Net CL: 3195953
LogDevObjectVersion: Number of dev versions registered: 13
LogDevObjectVersion:   Dev-Blueprints (B0D832E4-1F89-4F0D-ACCF-7EB736FD4AA2): 7
LogDevObjectVersion:   Dev-Build (E1C64328-A22C-4D53-A36C-8E866417BD8C): 0
LogDevObjectVersion:   Dev-Core (375EC13C-06E4-48FB-B500-84F0262A717E): 1
LogDevObjectVersion:   Dev-Editor (E4B068ED-F494-42E9-A231-DA0B2E46BB41): 8
LogDevObjectVersion:   Dev-Framework (CFFC743F-43B0-4480-9391-14DF171D2073): 17
LogDevObjectVersion:   Dev-Mobile (B02B49B5-BB20-44E9-A304-32B752E40360): 0
LogDevObjectVersion:   Dev-Networking (A4E4105C-59A1-49B5-A7C5-40C4547EDFEE): 0
LogDevObjectVersion:   Dev-Online (39C831C9-5AE6-47DC-9A44-9C173E1C8E7C): 0
LogDevObjectVersion:   Dev-Physics (78F01B33-EBEA-4F98-B9B4-84EACCB95AA2): 0
LogDevObjectVersion:   Dev-Platform (6631380F-2D4D-43E0-8009-CF276956A95A): 0
LogDevObjectVersion:   Dev-Rendering (12F88B9F-8875-4AFC-A67C-D90C383ABD29): 12
LogDevObjectVersion:   Dev-Sequencer (7B5AE74C-D270-4C10-A958-57980B212A5A): 1
LogDevObjectVersion:   Dev-VR (D7296918-1DD6-4BDD-9DE2-64A83CC13884): 0
LogInit: Compiled (64-bit): Jan  6 2017 10:49:43
LogInit: Compiled with Visual C++: 19.00.23026.00
LogInit: Build Configuration: Development
LogInit: Branch Name: ++UE4+Release-4.14
LogInit: Command line: 
LogInit: Base directory: C:/Program Files (x86)/Epic Games/4.14/Engine/Binaries/Win64/
LogInit: Installed Engine Build: 1
LogInit: Presizing for max 8388607 objects, including 0 objects not considered by GC, pre-allocating 0 bytes for permanent pool.
LogInit: Object subsystem initialized
[2017.02.22-00.04.06:218][  0]LogInit: Selected Device Profile: [Windows]
[2017.02.22-00.04.06:218][  0]LogInit: Applying CVar settings loaded from the selected device profile: [Windows]
[2017.02.22-00.04.06:282][  0]LogInit: Computer: DANNY
[2017.02.22-00.04.06:282][  0]LogInit: User: danny
[2017.02.22-00.04.06:282][  0]LogInit: CPU Page size=65536, Cores=4
[2017.02.22-00.04.06:282][  0]LogInit: High frequency timer resolution =2.436850 MHz
[2017.02.22-00.04.06:283][  0]LogMemory: Memory total: Physical=7.2GB (8GB approx)
[2017.02.22-00.04.06:283][  0]LogMemory: Platform Memory Stats for Windows
[2017.02.22-00.04.06:283][  0]LogMemory: Process Physical Memory: 263.95 MB used, 263.95 MB peak
[2017.02.22-00.04.06:283][  0]LogMemory: Process Virtual Memory: 262.59 MB used, 262.59 MB peak
[2017.02.22-00.04.06:283][  0]LogMemory: Physical Memory: 3953.37 MB used,  3432.89 MB free, 7386.26 MB total
[2017.02.22-00.04.06:283][  0]LogMemory: Virtual Memory: 675.53 MB used,  3432.89 MB free, 134217728.00 MB total
[2017.02.22-00.04.06:327][  0]LogTextLocalizationManager: No specific translations for ('en-IE') exist, so ('en') translations will be used.
[2017.02.22-00.04.08:198][  0]LogD3D11RHI: D3D11 adapters:
[2017.02.22-00.04.08:230][  0]LogD3D11RHI:    0. 'AMD Radeon HD 8650G + HD 8750M Dual Graphics' (Feature Level 11_0)
[2017.02.22-00.04.08:230][  0]LogD3D11RHI:       2763/0/3456 MB DedicatedVideo/DedicatedSystem/SharedSystem, Outputs:1, VendorId:0x1002
[2017.02.22-00.04.08:234][  0]LogD3D11RHI:    1. 'Microsoft Basic Render Driver' (Feature Level 11_0)
[2017.02.22-00.04.08:234][  0]LogD3D11RHI:       0/0/3693 MB DedicatedVideo/DedicatedSystem/SharedSystem, Outputs:0, VendorId:0x1414
[2017.02.22-00.04.08:234][  0]LogD3D11RHI: Chosen D3D11 Adapter: 0
[2017.02.22-00.04.08:251][  0]LogD3D11RHI: Creating new Direct3DDevice
[2017.02.22-00.04.08:251][  0]LogD3D11RHI:     GPU DeviceId: 0x990b (for the marketing name, search the web for "GPU Device Id")
[2017.02.22-00.04.08:251][  0]LogWindows: EnumDisplayDevices:
[2017.02.22-00.04.08:251][  0]LogWindows:    0. 'AMD Radeon HD 8650G + HD 8750M Dual Graphics' (P:1 D:1)
[2017.02.22-00.04.08:252][  0]LogWindows:    1. 'AMD Radeon HD 8650G + HD 8750M Dual Graphics' (P:0 D:0)
[2017.02.22-00.04.08:253][  0]LogWindows:    2. 'AMD Radeon HD 8650G + HD 8750M Dual Graphics' (P:0 D:0)
[2017.02.22-00.04.08:254][  0]LogWindows:    3. 'AMD Radeon HD 8650G + HD 8750M Dual Graphics' (P:0 D:0)
[2017.02.22-00.04.08:254][  0]LogWindows: DebugString: PrimaryIsNotTheChoosenAdapter PrimaryIsNotTheChoosenAdapter PrimaryIsNotTheChoosenAdapter PrimaryIsNotTheChoosenAdapter FoundDriverCount:0 
[2017.02.22-00.04.08:254][  0]LogD3D11RHI:     Adapter Name: AMD Radeon HD 8650G + HD 8750M Dual Graphics
[2017.02.22-00.04.08:254][  0]LogD3D11RHI:   Driver Version: Unknown (internal:Unknown, unified:Unknown)
[2017.02.22-00.04.08:254][  0]LogD3D11RHI:      Driver Date: Unknown
[2017.02.22-00.04.08:255][  0]LogRHI: Texture pool is 1361 MB (70% of 1945 MB)
[2017.02.22-00.04.08:278][  0]LogD3D11RHI: Async texture creation enabled
[2017.02.22-00.04.08:300][  0]LogD3D11RHI: GPU Timing Frequency: 50.000000 (Debug: 2 1)
[2017.02.22-00.04.08:301][  0]LogShaderCompilers: Guid format shader working directory is -41 characters bigger than the processId version (../../../../../../Users/danny/Documents/Unreal Projects/02_DungeonCrawl/DungeonCrawler/Intermediate/Shaders/WorkingDirectory/12416/).
[2017.02.22-00.04.08:302][  0]LogShaderCompilers: Cleaned the shader compiler working directory 'C:/Users/danny/AppData/Local/Temp/UnrealShaderWorkingDir/A6598824483178BB8B6065AF8C645ED5/'.
[2017.02.22-00.04.08:302][  0]LogShaderCompilers:Display: Using Local Shader Compiler.
[2017.02.22-00.04.11:937][  0]LogTemp:Display: Loaded TP AllDesktopTargetPlatform
[2017.02.22-00.04.12:129][  0]LogTemp:Display: Loaded TP MacClientTargetPlatform
[2017.02.22-00.04.12:337][  0]LogTemp:Display: Loaded TP MacNoEditorTargetPlatform
[2017.02.22-00.04.12:513][  0]LogTemp:Display: Loaded TP MacServerTargetPlatform
[2017.02.22-00.04.12:737][  0]LogTemp:Display: Loaded TP MacTargetPlatform
[2017.02.22-00.04.12:924][  0]LogTemp:Display: Loaded TP WindowsClientTargetPlatform
[2017.02.22-00.04.13:094][  0]LogTemp:Display: Loaded TP WindowsNoEditorTargetPlatform
[2017.02.22-00.04.13:303][  0]LogTemp:Display: Loaded TP WindowsServerTargetPlatform
[2017.02.22-00.04.13:452][  0]LogTemp:Display: Loaded TP WindowsTargetPlatform
[2017.02.22-00.04.13:638][  0]LogTemp:Display: Loaded TP AndroidTargetPlatform
[2017.02.22-00.04.13:814][  0]LogTemp:Display: Loaded TP Android_ASTCTargetPlatform
[2017.02.22-00.04.13:977][  0]LogTemp:Display: Loaded TP Android_ATCTargetPlatform
[2017.02.22-00.04.14:146][  0]LogTemp:Display: Loaded TP Android_DXTTargetPlatform
[2017.02.22-00.04.14:340][  0]LogTemp:Display: Loaded TP Android_ETC1TargetPlatform
[2017.02.22-00.04.14:513][  0]LogTemp:Display: Loaded TP Android_ETC2TargetPlatform
[2017.02.22-00.04.14:891][  0]LogTemp:Display: Loaded TP Android_MultiTargetPlatform
[2017.02.22-00.04.14:891][  0]LogTemp:Display: Loaded TP Android_PVRTCTargetPlatform
[2017.02.22-00.04.15:022][  0]LogTemp:Display: Loaded TP HTML5TargetPlatform
[2017.02.22-00.04.15:330][  0]LogTemp:Display: Loaded TP IOSTargetPlatform
[2017.02.22-00.04.15:432][  0]LogTemp:Display: Loaded TP TVOSTargetPlatform
[2017.02.22-00.04.15:584][  0]LogTemp:Display: Loaded TP LinuxClientTargetPlatform
[2017.02.22-00.04.15:773][  0]LogTemp:Display: Loaded TP LinuxNoEditorTargetPlatform
[2017.02.22-00.04.15:934][  0]LogTemp:Display: Loaded TP LinuxServerTargetPlatform
[2017.02.22-00.04.16:131][  0]LogTemp:Display: Loaded TP LinuxTargetPlatform
[2017.02.22-00.04.16:131][  0]LogTargetPlatformManager:Display: Building Assets For Windows
[2017.02.22-00.04.17:494][  0]LogDerivedDataCache:Display: Max Cache Size: 512 MB
[2017.02.22-00.04.18:077][  0]LogDerivedDataCache: Loaded boot cache 0.58s 50MB C:/Users/danny/AppData/Local/UnrealEngine/4.14/DerivedDataCache/Boot.ddc.
[2017.02.22-00.04.18:077][  0]LogDerivedDataCache:Display: Loaded Boot cache: C:/Users/danny/AppData/Local/UnrealEngine/4.14/DerivedDataCache/Boot.ddc
[2017.02.22-00.04.18:077][  0]LogDerivedDataCache: FDerivedDataBackendGraph:  Pak pak cache file ../../../../../../Users/danny/Documents/Unreal Projects/02_DungeonCrawl/DungeonCrawler/DerivedDataCache/DDC.ddp not found, will not use a pak cache.
[2017.02.22-00.04.18:077][  0]LogDerivedDataCache: Unable to find inner node Pak for hierarchical cache Hierarchy.
[2017.02.22-00.04.18:077][  0]LogDerivedDataCache: FDerivedDataBackendGraph:  CompressedPak pak cache file ../../../../../../Users/danny/Documents/Unreal Projects/02_DungeonCrawl/DungeonCrawler/DerivedDataCache/Compressed.ddp not found, will not use a pak cache.
[2017.02.22-00.04.18:077][  0]LogDerivedDataCache: Unable to find inner node CompressedPak for hierarchical cache Hierarchy.
[2017.02.22-00.04.18:118][  0]LogDerivedDataCache:Display: Pak cache opened for reading ../../../Engine/DerivedDataCache/Compressed.ddp.
[2017.02.22-00.04.18:132][  0]LogDerivedDataCache: Using Local data cache path C:/Users/danny/AppData/Local/UnrealEngine/Common/DerivedDataCache: Writable
[2017.02.22-00.04.19:035][  0]LogInit: Selected Device Profile: [Windows]
[2017.02.22-00.04.19:043][  0]LogContentStreaming: Texture pool size is 0.00 MB
[2017.02.22-00.04.19:631][  0]LogMeshUtilities: Using QuadricMeshReduction for automatic static mesh reduction
[2017.02.22-00.04.19:785][  0]LogSimplygon: Simplygon DLL not present - disabling.
[2017.02.22-00.04.19:931][  0]LogMeshUtilities: Using SimplygonSwarm for distributed automatic mesh merging
[2017.02.22-00.04.19:931][  0]LogMeshUtilities: No automatic skeletal mesh reduction module available
[2017.02.22-00.04.19:931][  0]LogMeshUtilities: No automatic mesh merging module available
[2017.02.22-00.04.21:531][  0]LogNetVersion: GetLocalNetworkVersion: CL: 3195953, ProjectName: dungeoncrawler, ProjectVersion: , EngineNetworkVersion: 2, GameNetworkVersion: 0, NetworkChecksum: 297884210
[2017.02.22-00.04.21:676][  0]LogAssetRegistry: FAssetRegistry took 0.0222 seconds to start up
[2017.02.22-00.04.21:852][  0]LogPackageLocalizationCache: Processed 3 localized package path(s) for 2 prioritized culture(s) in 0.078884 seconds
[2017.02.22-00.04.21:868][  0]LogUObjectArray: 31946 objects as part of root set at end of initial load.
[2017.02.22-00.04.21:868][  0]LogUObjectAllocator: 6935848 out of 0 bytes used by permanent object pool.
[2017.02.22-00.04.21:868][  0]LogUObjectArray: CloseDisregardForGC: 0/0 objects in disregard for GC pool
[2017.02.22-00.04.22:124][  0]LogInit: WinSock: version 1.1 (2.2), MaxSocks=32767, MaxUdp=65467
[2017.02.22-00.04.24:709][  0]LogSlate: Using Freetype 2.6.0
[2017.02.22-00.04.24:748][  0]LogSlate: SlateFontCache - WITH_FREETYPE: 1, WITH_HARFBUZZ: 1
[2017.02.22-00.04.24:748][  0]LogSlate: SlateFontCache - WITH_FREETYPE: 1, WITH_HARFBUZZ: 1
[2017.02.22-00.04.43:025][  0]LogTcpMessaging: Initializing TcpMessaging bridge
[2017.02.22-00.04.43:130][  0]LogUdpMessaging: Initializing bridge on interface 0.0.0.0:0 to multicast group 230.0.0.1:6666.
[2017.02.22-00.04.44:334][  0]LogMaterial: Uniform references updated for custom material expression Custom.
[2017.02.22-00.04.45:903][  0]SourceControl: Info Source control is disabled
[2017.02.22-00.04.46:094][  0]SourceControl: Info Source control is disabled
[2017.02.22-00.04.46:311][  0]SourceControl: Info Source control is disabled
[2017.02.22-00.04.46:520][  0]SourceControl: Info Source control is disabled
[2017.02.22-00.04.51:555][  0]LogEngine: Initializing Engine...
[2017.02.22-00.04.51:556][  0]LogHMD: Failed to initialize OpenVR with code 110
[2017.02.22-00.04.52:519][  0]LogAIModule: Creating AISystem for world Untitled
[2017.02.22-00.04.52:539][  0]LogInit: XAudio2 using 'Speakers / HP (IDT High Definition Audio CODEC)' : 2 channels at 48 kHz using 16 bits per sample (channel mask 0x3)
[2017.02.22-00.04.52:577][  0]LogInit: FAudioDevice initialized.
[2017.02.22-00.04.52:665][  0]LogDerivedDataCache: Saved boot cache 0.09s 50MB C:/Users/danny/AppData/Local/UnrealEngine/4.14/DerivedDataCache/Boot.ddc.
[2017.02.22-00.04.52:693][  0]LogInit: Texture streaming: Enabled
[2017.02.22-00.04.53:474][  0]LogInit: Transaction tracking system initialized
[2017.02.22-00.04.54:841][  0]BlueprintLog: New page: Editor Load
[2017.02.22-00.04.58:245][  0]LocalizationService: Info Localization service is disabled
[2017.02.22-00.05.01:354][  0]LogConsoleResponse:Display: 
[2017.02.22-00.05.02:072][  0]LogCook:Display: Max memory allowance for cook 16384mb min free memory 0mb
[2017.02.22-00.05.02:072][  0]LogCook:Display: Mobile HDR setting 1
[2017.02.22-00.05.03:027][  0]LogFileCache: Scanning file cache for directory 'C:/Users/danny/Documents/Unreal Projects/02_DungeonCrawl/DungeonCrawler/Content/' took 0.03s
[2017.02.22-00.05.06:053][  0]SourceControl: Info Source control is disabled
[2017.02.22-00.05.06:053][  0]Cmd: MAP LOAD FILE="../../../../../../Users/danny/Documents/Unreal Projects/02_DungeonCrawl/DungeonCrawler/Content/PrototypeMap.umap" TEMPLATE=0 SHOWPROGRESS=1 FEATURELEVEL=3
[2017.02.22-00.05.06:054][  0]LightingResults: New page: Lighting Build
[2017.02.22-00.05.06:198][  0]MapCheck: New page: Map Check
[2017.02.22-00.05.06:198][  0]LightingResults: New page: Lighting Build
[2017.02.22-00.05.08:982][  0]LogAIModule: Creating AISystem for world PrototypeMap
[2017.02.22-00.05.09:353][  0]LogEditorServer: Finished looking for orphan Actors (0.000 secs)
[2017.02.22-00.05.09:355][  0]Cmd: MAP CHECKDEP NOCLEARLOG
[2017.02.22-00.05.09:541][  0]MapCheck: Info Map check complete: 0 Error(s), 0 Warning(s), took 185.761ms to complete.
[2017.02.22-00.05.09:541][  0]LogFileHelpers: Loading map 'PrototypeMap' took 3.488
[2017.02.22-00.05.09:784][  0]LogCollectionManager: Loaded 0 collections in 0.008054 seconds
[2017.02.22-00.05.10:003][  0]LogFileCache: Scanning file cache for directory 'C:/Users/danny/Documents/Unreal Projects/02_DungeonCrawl/DungeonCrawler/Saved/Collections/' took 0.01s
[2017.02.22-00.05.10:003][  0]LogFileCache: Scanning file cache for directory 'C:/Users/danny/Documents/Unreal Projects/02_DungeonCrawl/DungeonCrawler/Content/Developers/danny/Collections/' took 0.01s
[2017.02.22-00.05.10:003][  0]LogFileCache: Scanning file cache for directory 'C:/Users/danny/Documents/Unreal Projects/02_DungeonCrawl/DungeonCrawler/Content/Collections/' took 0.01s
[2017.02.22-00.05.10:003][  0]LogCollectionManager: Rebuilt the GUID cache for 0 collections in 0.000003 seconds
[2017.02.22-00.05.10:033][  0]LogContentBrowser: Native class hierarchy populated in 0.0291 seconds. Added 2191 classes and 430 folders.
[2017.02.22-00.05.10:181][  0]LogStats: UGameplayTagsManager::ConstructGameplayTagTree: Construct from data asset -  0.000 s
[2017.02.22-00.05.10:181][  0]LogStats: UGameplayTagsManager::ConstructGameplayTagTree: GameplayTagTreeChangedEvent.Broadcast -  0.000 s
[2017.02.22-00.05.10:186][  0]LogContentBrowser: Native class hierarchy updated for 'GameplayTags' in 0.0041 seconds. Added 13 classes and 0 folders.
[2017.02.22-00.05.10:486][  0]LogContentBrowser: Native class hierarchy updated for 'WidgetCarousel' in 0.0037 seconds. Added 0 classes and 0 folders.
[2017.02.22-00.05.11:784][  0]LogContentBrowser: Native class hierarchy updated for 'AddContentDialog' in 0.0045 seconds. Added 0 classes and 0 folders.
[2017.02.22-00.05.12:397][  0]LogContentBrowser: Native class hierarchy updated for 'SceneOutliner' in 0.0167 seconds. Added 1 classes and 2 folders.
[2017.02.22-00.05.12:558][  0]LogCrashTracker: Crashtracker disabled due to settings.
[2017.02.22-00.05.12:573][  0]LogUObjectGlobals:Warning: Failed to find object 'Class None.'
[2017.02.22-00.05.12:769][  0]LogContentBrowser: Native class hierarchy updated for 'HierarchicalLODOutliner' in 0.0051 seconds. Added 1 classes and 2 folders.
[2017.02.22-00.05.12:770][  0]LogLoad: (Engine Initialization) Total time: 72.01 seconds
[2017.02.22-00.05.12:770][  0]LogLoad: (Engine Initialization) Total Blueprint compile time: 0.40 seconds
[2017.02.22-00.05.12:770][  0]LogExternalProfiler: Found external profiler: VSPerf
[2017.02.22-00.05.12:770][  0]LogExternalProfiler: Using external profiler: VSPerf
[2017.02.22-00.05.13:113][  0]LogOcInput: OculusInput pre-init called
[2017.02.22-00.05.13:141][  0]LogContentStreaming: Texture pool size now 400 MB
[2017.02.22-00.05.13:980][  3]LogRenderer: Reallocating scene render targets to support 1056x664 NumSamples 1 (Frame:2).
[2017.02.22-00.05.15:047][  4]LogAssetRegistry: Asset discovery search completed in 53.3927 seconds
[2017.02.22-00.05.15:047][  4]LogCollectionManager: Rebuilt the object cache for 0 collections in 0.000001 seconds (found 0 objects)
[2017.02.22-00.05.15:047][  4]LogCollectionManager: Fixed up redirectors for 0 collections in 0.000162 seconds (updated 0 objects)
[2017.02.22-00.05.23:395][152]LogTemp: Repeting last play command: Selected Viewport
[2017.02.22-00.05.23:459][152]LogPlayLevel: PlayLevel: No blueprints needed recompiling
[2017.02.22-00.05.23:477][152]PIE: New page: PIE session: PrototypeMap (22 Feb 2017 00:05:23)
[2017.02.22-00.05.23:485][152]LogPlayLevel: Creating play world package: /Game/UEDPIE_0_PrototypeMap
[2017.02.22-00.05.23:512][152]LogPlayLevel: PIE: StaticDuplicateObject took: (0.025724s)
[2017.02.22-00.05.23:513][152]LogAIModule: Creating AISystem for world PrototypeMap
[2017.02.22-00.05.23:515][152]LogPlayLevel: PIE: World Init took: (0.003479s)
[2017.02.22-00.05.23:517][152]LogPlayLevel: PIE: Created PIE world by copying editor world from /Game/PrototypeMap.PrototypeMap to /Game/UEDPIE_0_PrototypeMap.PrototypeMap (0.038542s)
[2017.02.22-00.05.23:569][152]LogInit: XAudio2 using 'Speakers / HP (IDT High Definition Audio CODEC)' : 2 channels at 48 kHz using 16 bits per sample (channel mask 0x3)
[2017.02.22-00.05.23:612][152]LogInit: FAudioDevice initialized.
[2017.02.22-00.05.23:763][152]LogLoad: Game class is 'GameMode'
[2017.02.22-00.05.23:810][152]LogWorld: Bringing World /Game/UEDPIE_0_PrototypeMap.PrototypeMap up for play (max tick rate 60) at 2017.02.22-00.05.23
[2017.02.22-00.05.23:848][152]LogWorld: Bringing up level for play took: 0.040516
[2017.02.22-00.05.24:062][152]LogContentBrowser: Native class hierarchy updated for 'MovieSceneCapture' in 0.0047 seconds. Added 11 classes and 0 folders.
[2017.02.22-00.05.24:063][152]LogGameMode:Display: Match State Changed from EnteringMap to WaitingToStart
[2017.02.22-00.05.24:064][152]LogGameState: Match State Changed from EnteringMap to WaitingToStart
[2017.02.22-00.05.24:064][152]LogGameMode:Display: Match State Changed from WaitingToStart to InProgress
[2017.02.22-00.05.24:095][152]LogGameState: Match State Changed from WaitingToStart to InProgress
[2017.02.22-00.05.24:096][152]PIE: Info Play in editor start time for /Game/UEDPIE_0_PrototypeMap 0.374
[2017.02.22-00.07.45:581][ 58]LogEditorViewport: Clicking on Actor (LMB): SpotLight (SpotLight)
[2017.02.22-00.08.23:231][ 43]LogEditorViewport: Clicking on Actor (LMB): StaticMeshActor (SM_Door)
[2017.02.22-00.09.14:781][625]LogVSAccessor:Warning: Visual Studio is open but could not be queried - it may be blocked by a modal operation
[2017.02.22-00.09.14:833][626]LogVSAccessor:Warning: Visual Studio is open but could not be queried - it may be blocked by a modal operation
[2017.02.22-00.09.15:161][627]LogVSAccessor:Warning: Visual Studio is open but could not be queried - it may be blocked by a modal operation
[2017.02.22-00.15.31:064][592]LogSavePackage: Save=122.77ms
[2017.02.22-00.15.31:064][592]LogSavePackage: Moving '../../../../../../Users/danny/Documents/Unreal Projects/02_DungeonCrawl/DungeonCrawler/Saved/PrototypeMap_Auto18D37EBA14DDB182A55123AB0C923621C.tmp' to '../../../../../../Users/danny/Documents/Unreal Projects/02_DungeonCrawl/DungeonCrawler/Saved/Autosaves/Game/PrototypeMap_Auto1.umap'
[2017.02.22-00.15.31:069][592]LogSavePackage:Display: Finished SavePackage ../../../../../../Users/danny/Documents/Unreal Projects/02_DungeonCrawl/DungeonCrawler/Saved/Autosaves/Game/PrototypeMap_Auto1.umap
[2017.02.22-00.15.31:079][592]LogFileHelpers: Editor autosave (incl. sublevels) for '/Game/PrototypeMap' took 0.280
[2017.02.22-00.15.31:079][592]LogFileHelpers: Editor autosave (incl. sublevels) for all levels took 0.280
[2017.02.22-00.19.47:105][ 17]LogSlate: Only BGRA pngs, bmps or icos are supported in by External Image Picker
[2017.02.22-00.19.47:238][ 19]LogTemp:Display: Executing iPhonePackager certificates Engine -bundlename com.YourCompany.DungeonCrawler

[2017.02.22-00.19.47:238][ 19]LogTemp:Display: CWD: C:\Program Files (x86)\Epic Games\4.14\Engine\Binaries\DotNet\IOS

[2017.02.22-00.19.47:239][ 19]LogTemp:Display: Initial Dir: C:\Program Files (x86)\Epic Games\4.14

[2017.02.22-00.19.47:239][ 19]LogTemp:Display: Env CWD: C:\Program Files (x86)\Epic Games\4.14\Engine\Binaries\DotNet\IOS

[2017.02.22-00.19.47:239][ 19]LogTemp:Display: BranchPath = DANNY/C/Program Files (x86)/Epic Games/4.14/Engine/Binaries --- GameBranchPath = DANNY/C/Program Files (x86)/Epic Games/4.14/Engine/Binaries

[2017.02.22-00.19.47:270][ 20]LogTemp:Display: IPP ERROR: Application exception: System.IO.DirectoryNotFoundException: Could not find a part of the path 'C:\Users\danny\AppData\Local\Apple Computer\MobileDevice\Provisioning Profiles'.

[2017.02.22-00.19.47:271][ 20]LogTemp:Display:    at System.IO.__Error.WinIOError(Int32 errorCode, String maybeFullPath)

[2017.02.22-00.19.47:271][ 20]LogTemp:Display:    at System.IO.FileSystemEnumerableIterator`1.CommonInit()

[2017.02.22-00.19.47:271][ 20]LogTemp:Display:    at System.IO.Directory.EnumerateFiles(String path, String searchPattern)

[2017.02.22-00.19.47:271][ 20]LogTemp:Display:    at iPhonePackager.CodeSignatureBuilder.FindProvisions(String CFBundleIdentifier)

[2017.02.22-00.19.47:272][ 20]LogTemp:Display:    at iPhonePackager.Program.Main(String[] args)

[2017.02.22-00.23.03:732][ 67]Cmd: STAT FPS
[2017.02.22-00.25.31:374][301]LogEditorViewport: Clicking Background
[2017.02.22-00.25.35:068][625]LogEditorViewport: Clicking on Actor (double click): StaticMeshActor (Wall_400x203)
[2017.02.22-00.38.15:879][ 58]Recompiling DungeonCrawler...
[2017.02.22-00.38.15:882][ 58]Launching UnrealBuildTool... [C:/Program Files (x86)/Epic Games/4.14/Engine/Binaries/DotNET/UnrealBuildTool.exe DungeonCrawler -ModuleWithSuffix DungeonCrawler 2321 Win64 Development -editorrecompile -canskiplink "C:/Users/danny/Documents/Unreal Projects/02_DungeonCrawl/DungeonCrawler/DungeonCrawler.uproject" ]
[2017.02.22-00.38.15:886][ 58]Warning: Starting HotReload took  0.1s.
[2017.02.22-00.38.16:394][ 78]CompilerResultsLog: New page: Compilation - 22 Feb 2017 00:38:16
[2017.02.22-00.38.16:396][ 78]CompilerResultsLog: Info UnrealBuildTool Exception: ERROR: A conflicting instance of UnrealBuildTool is already running at this location: C:\Program Files (x86)\Epic Games\4.14\Engine\Binaries\DotNET\UnrealBuildTool.exe. A process manager may be used to determine the conflicting process and what tool may have launched it.
[2017.02.22-00.38.16:397][ 78]LogMainFrame: MainFrame: Module compiling took 0.534 seconds
[2017.02.22-00.38.16:398][ 78]Warning: HotReload failed, recompile failed
[2017.02.22-00.38.21:101][333]LogTemp: Repeting last play command: Selected Viewport
[2017.02.22-00.38.21:155][333]LogPlayLevel: PlayLevel: No blueprints needed recompiling
[2017.02.22-00.38.21:157][333]PIE: New page: PIE session: PrototypeMap (22 Feb 2017 00:38:21)
[2017.02.22-00.38.21:159][333]LogPlayLevel: Creating play world package: /Game/UEDPIE_0_PrototypeMap
[2017.02.22-00.38.21:209][333]LogPlayLevel: PIE: StaticDuplicateObject took: (0.049076s)
[2017.02.22-00.38.21:219][333]LogAIModule: Creating AISystem for world PrototypeMap
[2017.02.22-00.38.21:222][333]LogPlayLevel: PIE: World Init took: (0.012215s)
[2017.02.22-00.38.21:225][333]LogPlayLevel: PIE: Created PIE world by copying editor world from /Game/PrototypeMap.PrototypeMap to /Game/UEDPIE_0_PrototypeMap.PrototypeMap (0.065082s)
[2017.02.22-00.38.21:307][333]LogInit: XAudio2 using 'Speakers / HP (IDT High Definition Audio CODEC)' : 2 channels at 48 kHz using 16 bits per sample (channel mask 0x3)
[2017.02.22-00.38.21:340][333]LogInit: FAudioDevice initialized.
[2017.02.22-00.38.21:382][333]LogLoad: Game class is 'GameMode'
[2017.02.22-00.38.21:392][333]LogWorld: Bringing World /Game/UEDPIE_0_PrototypeMap.PrototypeMap up for play (max tick rate 0) at 2017.02.22-00.38.21
[2017.02.22-00.38.21:395][333]LogWorld: Bringing up level for play took: 0.009799
[2017.02.22-00.38.21:400][333]LogGameMode:Display: Match State Changed from EnteringMap to WaitingToStart
[2017.02.22-00.38.21:400][333]LogGameState: Match State Changed from EnteringMap to WaitingToStart
[2017.02.22-00.38.21:400][333]LogGameMode:Display: Match State Changed from WaitingToStart to InProgress
[2017.02.22-00.38.21:409][333]LogGameState: Match State Changed from WaitingToStart to InProgress
[2017.02.22-00.38.21:410][333]PIE: Info Play in editor start time for /Game/UEDPIE_0_PrototypeMap -0.313
[2017.02.22-00.38.45:528][595]LogRenderer: Reallocating scene render targets to support 1344x664 NumSamples 1 (Frame:7687).
[2017.02.22-00.38.49:650][929]LogRenderer: Reallocating scene render targets to support 1348x664 NumSamples 1 (Frame:7690).
[2017.02.22-00.38.49:782][930]LogRenderer: Reallocating scene render targets to support 1356x664 NumSamples 1 (Frame:7692).
[2017.02.22-00.38.49:888][931]LogRenderer: Reallocating scene render targets to support 1396x664 NumSamples 1 (Frame:7694).
[2017.02.22-00.38.49:993][932]LogRenderer: Reallocating scene render targets to support 1416x664 NumSamples 1 (Frame:7696).
[2017.02.22-00.38.50:085][933]LogRenderer: Reallocating scene render targets to support 1452x664 NumSamples 1 (Frame:7698).
[2017.02.22-00.38.50:170][934]LogRenderer: Reallocating scene render targets to support 1464x664 NumSamples 1 (Frame:7700).
[2017.02.22-00.38.50:258][935]LogRenderer: Reallocating scene render targets to support 1480x664 NumSamples 1 (Frame:7702).
[2017.02.22-00.38.50:350][936]LogRenderer: Reallocating scene render targets to support 1484x664 NumSamples 1 (Frame:7704).
[2017.02.22-00.38.52:495][149]LogEditorViewport: Clicking on Actor (LMB): StaticMeshActor (SM_Door)
[2017.02.22-00.38.54:318][330]LogEditorViewport: Clicking on Actor (LMB): StaticMeshActor (Wall_Door_400x300)
[2017.02.22-00.38.55:901][447]LogTemp: Repeting last play command: Selected Viewport
[2017.02.22-00.38.55:937][447]LogPlayLevel: PlayLevel: No blueprints needed recompiling
[2017.02.22-00.38.55:937][447]PIE: New page: PIE session: PrototypeMap (22 Feb 2017 00:38:55)
[2017.02.22-00.38.55:937][447]LogPlayLevel: Creating play world package: /Game/UEDPIE_0_PrototypeMap
[2017.02.22-00.38.55:948][447]LogPlayLevel: PIE: StaticDuplicateObject took: (0.010920s)
[2017.02.22-00.38.55:950][447]LogAIModule: Creating AISystem for world PrototypeMap
[2017.02.22-00.38.55:951][447]LogPlayLevel: PIE: World Init took: (0.002191s)
[2017.02.22-00.38.55:951][447]LogPlayLevel: PIE: Created PIE world by copying editor world from /Game/PrototypeMap.PrototypeMap to /Game/UEDPIE_0_PrototypeMap.PrototypeMap (0.014033s)
[2017.02.22-00.38.55:986][447]LogInit: XAudio2 using 'Speakers / HP (IDT High Definition Audio CODEC)' : 2 channels at 48 kHz using 16 bits per sample (channel mask 0x3)
[2017.02.22-00.38.56:012][447]LogInit: FAudioDevice initialized.
[2017.02.22-00.38.56:053][447]LogLoad: Game class is 'GameMode'
[2017.02.22-00.38.56:058][447]LogWorld: Bringing World /Game/UEDPIE_0_PrototypeMap.PrototypeMap up for play (max tick rate 0) at 2017.02.22-00.38.56
[2017.02.22-00.38.56:059][447]LogWorld: Bringing up level for play took: 0.003772
[2017.02.22-00.38.56:061][447]LogGameMode:Display: Match State Changed from EnteringMap to WaitingToStart
[2017.02.22-00.38.56:061][447]LogGameState: Match State Changed from EnteringMap to WaitingToStart
[2017.02.22-00.38.56:061][447]LogGameMode:Display: Match State Changed from WaitingToStart to InProgress
[2017.02.22-00.38.56:063][447]LogGameState: Match State Changed from WaitingToStart to InProgress
[2017.02.22-00.38.56:063][447]PIE: Info Play in editor start time for /Game/UEDPIE_0_PrototypeMap 0.34
[2017.02.22-00.41.03:237][588]Recompiling DungeonCrawler...
[2017.02.22-00.41.03:237][588]Launching UnrealBuildTool... [C:/Program Files (x86)/Epic Games/4.14/Engine/Binaries/DotNET/UnrealBuildTool.exe DungeonCrawler -ModuleWithSuffix DungeonCrawler 6319 Win64 Development -editorrecompile -canskiplink "C:/Users/danny/Documents/Unreal Projects/02_DungeonCrawl/DungeonCrawler/DungeonCrawler.uproject" ]
[2017.02.22-00.41.03:240][588]Warning: Starting HotReload took  0.0s.
[2017.02.22-00.41.09:787][118]CompilerResultsLog: New page: Compilation - 22 Feb 2017 00:41:09
[2017.02.22-00.41.09:788][118]CompilerResultsLog: Info Creating makefile for hot reloading DungeonCrawler (modules to compile have changed)
[2017.02.22-00.41.09:788][118]CompilerResultsLog: Info Compiling game modules for hot reload
[2017.02.22-00.41.09:788][118]CompilerResultsLog: Info Target is up to date
[2017.02.22-00.41.09:789][118]LogMainFrame: MainFrame: Module compiling took 6.557 seconds
[2017.02.22-00.41.09:923][118]LogContentBrowser: Native class hierarchy populated in 0.0411 seconds. Added 2193 classes and 434 folders.
[2017.02.22-00.41.10:014][118]Display: HotReload took  6.8s.
[2017.02.22-00.41.12:349][325]LogTemp: Repeting last play command: Selected Viewport
[2017.02.22-00.41.12:382][325]LogPlayLevel: PlayLevel: No blueprints needed recompiling
[2017.02.22-00.41.12:382][325]PIE: New page: PIE session: PrototypeMap (22 Feb 2017 00:41:12)
[2017.02.22-00.41.12:382][325]LogPlayLevel: Creating play world package: /Game/UEDPIE_0_PrototypeMap
[2017.02.22-00.41.12:391][325]LogPlayLevel: PIE: StaticDuplicateObject took: (0.008503s)
[2017.02.22-00.41.12:393][325]LogAIModule: Creating AISystem for world PrototypeMap
[2017.02.22-00.41.12:394][325]LogPlayLevel: PIE: World Init took: (0.002287s)
[2017.02.22-00.41.12:394][325]LogPlayLevel: PIE: Created PIE world by copying editor world from /Game/PrototypeMap.PrototypeMap to /Game/UEDPIE_0_PrototypeMap.PrototypeMap (0.011549s)
[2017.02.22-00.41.12:428][325]LogInit: XAudio2 using 'Speakers / HP (IDT High Definition Audio CODEC)' : 2 channels at 48 kHz using 16 bits per sample (channel mask 0x3)
[2017.02.22-00.41.12:456][325]LogInit: FAudioDevice initialized.
[2017.02.22-00.41.12:498][325]LogLoad: Game class is 'GameMode'
[2017.02.22-00.41.12:504][325]LogWorld: Bringing World /Game/UEDPIE_0_PrototypeMap.PrototypeMap up for play (max tick rate 0) at 2017.02.22-00.41.12
[2017.02.22-00.41.12:505][325]LogWorld: Bringing up level for play took: 0.004265
[2017.02.22-00.41.12:506][325]LogGameMode:Display: Match State Changed from EnteringMap to WaitingToStart
[2017.02.22-00.41.12:506][325]LogGameState: Match State Changed from EnteringMap to WaitingToStart
[2017.02.22-00.41.12:506][325]LogGameMode:Display: Match State Changed from WaitingToStart to InProgress
[2017.02.22-00.41.12:508][325]LogGameState: Match State Changed from WaitingToStart to InProgress
[2017.02.22-00.41.12:508][325]PIE: Info Play in editor start time for /Game/UEDPIE_0_PrototypeMap 0.785
[2017.02.22-00.43.20:536][111]LogHotReload: New module detected: UE4Editor-DungeonCrawler-9194.dll
[2017.02.22-00.43.23:211][120]LogHotReload: Starting Hot-Reload from IDE
[2017.02.22-00.43.23:373][120]LogClass: Could not find existing class DoorControl in package /Script/DungeonCrawler for HotReload, assuming new class
[2017.02.22-00.43.23:379][120]LogHotReload: Re-instancing DoorControl after hot-reload.
[2017.02.22-00.43.23:546][120]LogContentBrowser: Native class hierarchy updated for 'DungeonCrawler' in 0.0032 seconds. Added 1 classes and 2 folders.
[2017.02.22-00.43.23:551][120]Display: HotReload successful (0 functions remapped  0 scriptstructs remapped)
[2017.02.22-00.43.23:584][120]LogContentBrowser: Native class hierarchy populated in 0.0266 seconds. Added 2193 classes and 434 folders.
[2017.02.22-00.43.23:589][120]Display: HotReload took  0.4s.
[2017.02.22-00.43.33:089][750]Recompiling DungeonCrawler...
[2017.02.22-00.43.33:089][750]Launching UnrealBuildTool... [C:/Program Files (x86)/Epic Games/4.14/Engine/Binaries/DotNET/UnrealBuildTool.exe DungeonCrawler -ModuleWithSuffix DungeonCrawler 3102 Win64 Development -editorrecompile -canskiplink "C:/Users/danny/Documents/Unreal Projects/02_DungeonCrawl/DungeonCrawler/DungeonCrawler.uproject" ]
[2017.02.22-00.43.33:093][750]Warning: Starting HotReload took  0.0s.
[2017.02.22-00.43.39:570][277]CompilerResultsLog: New page: Compilation - 22 Feb 2017 00:43:39
[2017.02.22-00.43.39:570][277]CompilerResultsLog: Info Creating makefile for hot reloading DungeonCrawler (modules to compile have changed)
[2017.02.22-00.43.39:571][277]CompilerResultsLog: Info Compiling game modules for hot reload
[2017.02.22-00.43.39:571][277]CompilerResultsLog: Info Target is up to date
[2017.02.22-00.43.39:571][277]LogMainFrame: MainFrame: Module compiling took 6.486 seconds
[2017.02.22-00.43.39:628][277]LogContentBrowser: Native class hierarchy populated in 0.0263 seconds. Added 2193 classes and 434 folders.
[2017.02.22-00.43.39:629][277]Display: HotReload took  6.6s.
[2017.02.22-00.43.41:588][450]LogTemp: Repeting last play command: Selected Viewport
[2017.02.22-00.43.41:619][450]LogPlayLevel: PlayLevel: No blueprints needed recompiling
[2017.02.22-00.43.41:620][450]PIE: New page: PIE session: PrototypeMap (22 Feb 2017 00:43:41)
[2017.02.22-00.43.41:620][450]LogPlayLevel: Creating play world package: /Game/UEDPIE_0_PrototypeMap
[2017.02.22-00.43.41:628][450]LogPlayLevel: PIE: StaticDuplicateObject took: (0.008076s)
[2017.02.22-00.43.41:629][450]LogAIModule: Creating AISystem for world PrototypeMap
[2017.02.22-00.43.41:630][450]LogPlayLevel: PIE: World Init took: (0.001721s)
[2017.02.22-00.43.41:630][450]LogPlayLevel: PIE: Created PIE world by copying editor world from /Game/PrototypeMap.PrototypeMap to /Game/UEDPIE_0_PrototypeMap.PrototypeMap (0.010529s)
[2017.02.22-00.43.41:667][450]LogInit: XAudio2 using 'Speakers / HP (IDT High Definition Audio CODEC)' : 2 channels at 48 kHz using 16 bits per sample (channel mask 0x3)
[2017.02.22-00.43.41:696][450]LogInit: FAudioDevice initialized.
[2017.02.22-00.43.41:736][450]LogLoad: Game class is 'GameMode'
[2017.02.22-00.43.41:742][450]LogWorld: Bringing World /Game/UEDPIE_0_PrototypeMap.PrototypeMap up for play (max tick rate 0) at 2017.02.22-00.43.41
[2017.02.22-00.43.41:742][450]LogWorld: Bringing up level for play took: 0.003880
[2017.02.22-00.43.41:744][450]LogGameMode:Display: Match State Changed from EnteringMap to WaitingToStart
[2017.02.22-00.43.41:744][450]LogGameState: Match State Changed from EnteringMap to WaitingToStart
[2017.02.22-00.43.41:744][450]LogGameMode:Display: Match State Changed from WaitingToStart to InProgress
[2017.02.22-00.43.41:745][450]LogGameState: Match State Changed from WaitingToStart to InProgress
[2017.02.22-00.43.41:745][450]PIE: Info Play in editor start time for /Game/UEDPIE_0_PrototypeMap 0.023
[2017.02.22-00.46.07:172][ 53]LogEditorViewport: Clicking on Actor (LMB): StaticMeshActor (SM_Door)
[2017.02.22-00.46.24:271][150]LogHotReload: New module detected: UE4Editor-DungeonCrawler-8068.dll
[2017.02.22-00.46.28:515][191]LogHotReload: Starting Hot-Reload from IDE
[2017.02.22-00.46.28:943][191]LogContentBrowser: Native class hierarchy updated for 'DungeonCrawler' in 0.0114 seconds. Added 1 classes and 2 folders.
[2017.02.22-00.46.28:972][191]Display: HotReload successful (0 functions remapped  0 scriptstructs remapped)
[2017.02.22-00.46.29:122][191]LogContentBrowser: Native class hierarchy populated in 0.0360 seconds. Added 2193 classes and 434 folders.
[2017.02.22-00.46.29:130][191]Display: HotReload took  0.6s.
[2017.02.22-00.46.35:031][442]Recompiling DungeonCrawler...
[2017.02.22-00.46.35:032][442]Launching UnrealBuildTool... [C:/Program Files (x86)/Epic Games/4.14/Engine/Binaries/DotNET/UnrealBuildTool.exe DungeonCrawler -ModuleWithSuffix DungeonCrawler 1437 Win64 Development -editorrecompile -canskiplink "C:/Users/danny/Documents/Unreal Projects/02_DungeonCrawl/DungeonCrawler/DungeonCrawler.uproject" ]
[2017.02.22-00.46.35:035][442]Warning: Starting HotReload took  0.0s.
[2017.02.22-00.46.47:114][208]CompilerResultsLog: New page: Compilation - 22 Feb 2017 00:46:47
[2017.02.22-00.46.47:115][208]CompilerResultsLog: Info Creating makefile for hot reloading DungeonCrawler (modules to compile have changed)
[2017.02.22-00.46.47:115][208]CompilerResultsLog: Info Compiling game modules for hot reload
[2017.02.22-00.46.47:115][208]CompilerResultsLog: Info Target is up to date
[2017.02.22-00.46.47:115][208]LogMainFrame: MainFrame: Module compiling took 12.089 seconds
[2017.02.22-00.46.47:159][208]LogContentBrowser: Native class hierarchy populated in 0.0211 seconds. Added 2193 classes and 434 folders.
[2017.02.22-00.46.47:160][208]Display: HotReload took 12.2s.
[2017.02.22-00.49.56:511][283]LogHotReload: New module detected: UE4Editor-DungeonCrawler-4918.dll
[2017.02.22-00.49.59:301][513]LogHotReload: Starting Hot-Reload from IDE
[2017.02.22-00.49.59:483][513]LogClass: Could not find existing class DoorControl in package /Script/DungeonCrawler for HotReload, assuming new class
[2017.02.22-00.49.59:488][513]LogHotReload: Re-instancing DoorControl after hot-reload.
[2017.02.22-00.49.59:551][513]LogContentBrowser: Native class hierarchy updated for 'DungeonCrawler' in 0.0031 seconds. Added 1 classes and 2 folders.
[2017.02.22-00.49.59:555][513]Display: HotReload successful (0 functions remapped  0 scriptstructs remapped)
[2017.02.22-00.49.59:582][513]LogContentBrowser: Native class hierarchy populated in 0.0217 seconds. Added 2193 classes and 434 folders.
[2017.02.22-00.49.59:587][513]Display: HotReload took  0.3s.
[2017.02.22-00.50.12:315][963]LogTemp: Repeting last play command: Selected Viewport
[2017.02.22-00.50.12:343][963]LogPlayLevel: PlayLevel: No blueprints needed recompiling
[2017.02.22-00.50.12:344][963]PIE: New page: PIE session: PrototypeMap (22 Feb 2017 00:50:12)
[2017.02.22-00.50.12:344][963]LogPlayLevel: Creating play world package: /Game/UEDPIE_0_PrototypeMap
[2017.02.22-00.50.12:352][963]LogPlayLevel: PIE: StaticDuplicateObject took: (0.007671s)
[2017.02.22-00.50.12:353][963]LogAIModule: Creating AISystem for world PrototypeMap
[2017.02.22-00.50.12:353][963]LogPlayLevel: PIE: World Init took: (0.001380s)
[2017.02.22-00.50.12:354][963]LogPlayLevel: PIE: Created PIE world by copying editor world from /Game/PrototypeMap.PrototypeMap to /Game/UEDPIE_0_PrototypeMap.PrototypeMap (0.009740s)
[2017.02.22-00.50.12:381][963]LogInit: XAudio2 using 'Speakers / HP (IDT High Definition Audio CODEC)' : 2 channels at 48 kHz using 16 bits per sample (channel mask 0x3)
[2017.02.22-00.50.12:408][963]LogInit: FAudioDevice initialized.
[2017.02.22-00.50.12:444][963]LogLoad: Game class is 'GameMode'
[2017.02.22-00.50.12:448][963]LogWorld: Bringing World /Game/UEDPIE_0_PrototypeMap.PrototypeMap up for play (max tick rate 0) at 2017.02.22-00.50.12
[2017.02.22-00.50.12:449][963]LogWorld: Bringing up level for play took: 0.003547
[2017.02.22-00.50.12:450][963]LogGameMode:Display: Match State Changed from EnteringMap to WaitingToStart
[2017.02.22-00.50.12:451][963]LogGameState: Match State Changed from EnteringMap to WaitingToStart
[2017.02.22-00.50.12:451][963]LogGameMode:Display: Match State Changed from WaitingToStart to InProgress
[2017.02.22-00.50.12:452][963]LogGameState: Match State Changed from WaitingToStart to InProgress
[2017.02.22-00.50.12:453][963]PIE: Info Play in editor start time for /Game/UEDPIE_0_PrototypeMap 0.73
[2017.02.22-00.50.47:605][ 34]LogHotReload: New module detected: UE4Editor-DungeonCrawler-6049.dll
[2017.02.22-00.50.50:617][ 44]LogHotReload: Starting Hot-Reload from IDE
[2017.02.22-00.50.50:821][ 44]LogContentBrowser: Native class hierarchy updated for 'DungeonCrawler' in 0.0034 seconds. Added 1 classes and 2 folders.
[2017.02.22-00.50.50:825][ 44]Display: HotReload successful (0 functions remapped  0 scriptstructs remapped)
[2017.02.22-00.50.50:884][ 44]LogContentBrowser: Native class hierarchy populated in 0.0216 seconds. Added 2193 classes and 434 folders.
[2017.02.22-00.50.50:889][ 44]Display: HotReload took  0.3s.
[2017.02.22-00.50.52:172][ 47]LogSavePackage: Save=87.79ms
[2017.02.22-00.50.52:172][ 47]LogSavePackage: Moving '../../../../../../Users/danny/Documents/Unreal Projects/02_DungeonCrawl/DungeonCrawler/Saved/PrototypeMap_Auto26152A2CD49F93EC708BB1BB48141684F.tmp' to '../../../../../../Users/danny/Documents/Unreal Projects/02_DungeonCrawl/DungeonCrawler/Saved/Autosaves/Game/PrototypeMap_Auto2.umap'
[2017.02.22-00.50.52:176][ 47]LogSavePackage:Display: Finished SavePackage ../../../../../../Users/danny/Documents/Unreal Projects/02_DungeonCrawl/DungeonCrawler/Saved/Autosaves/Game/PrototypeMap_Auto2.umap
[2017.02.22-00.50.52:187][ 47]LogFileHelpers: Editor autosave (incl. sublevels) for '/Game/PrototypeMap' took 0.152
[2017.02.22-00.50.52:187][ 47]LogFileHelpers: Editor autosave (incl. sublevels) for all levels took 0.152
[2017.02.22-00.50.55:732][269]LogTemp: Repeting last play command: Selected Viewport
[2017.02.22-00.50.55:765][269]LogPlayLevel: PlayLevel: No blueprints needed recompiling
[2017.02.22-00.50.55:765][269]PIE: New page: PIE session: PrototypeMap (22 Feb 2017 00:50:55)
[2017.02.22-00.50.55:766][269]LogPlayLevel: Creating play world package: /Game/UEDPIE_0_PrototypeMap
[2017.02.22-00.50.55:774][269]LogPlayLevel: PIE: StaticDuplicateObject took: (0.008108s)
[2017.02.22-00.50.55:775][269]LogAIModule: Creating AISystem for world PrototypeMap
[2017.02.22-00.50.55:776][269]LogPlayLevel: PIE: World Init took: (0.001522s)
[2017.02.22-00.50.55:776][269]LogPlayLevel: PIE: Created PIE world by copying editor world from /Game/PrototypeMap.PrototypeMap to /Game/UEDPIE_0_PrototypeMap.PrototypeMap (0.010365s)
[2017.02.22-00.50.55:805][269]LogInit: XAudio2 using 'Speakers / HP (IDT High Definition Audio CODEC)' : 2 channels at 48 kHz using 16 bits per sample (channel mask 0x3)
[2017.02.22-00.50.55:833][269]LogInit: FAudioDevice initialized.
[2017.02.22-00.50.55:874][269]LogLoad: Game class is 'GameMode'
[2017.02.22-00.50.55:879][269]LogWorld: Bringing World /Game/UEDPIE_0_PrototypeMap.PrototypeMap up for play (max tick rate 0) at 2017.02.22-00.50.55
[2017.02.22-00.50.55:880][269]LogWorld: Bringing up level for play took: 0.003557
[2017.02.22-00.50.55:881][269]LogGameMode:Display: Match State Changed from EnteringMap to WaitingToStart
[2017.02.22-00.50.55:881][269]LogGameState: Match State Changed from EnteringMap to WaitingToStart
[2017.02.22-00.50.55:881][269]LogGameMode:Display: Match State Changed from WaitingToStart to InProgress
[2017.02.22-00.50.55:883][269]LogGameState: Match State Changed from WaitingToStart to InProgress
[2017.02.22-00.50.55:883][269]PIE: Info Play in editor start time for /Game/UEDPIE_0_PrototypeMap 0.161
[2017.02.22-00.51.47:508][412]LogSavePackage: Save=81.64ms
[2017.02.22-00.51.47:508][412]LogSavePackage: Moving '../../../../../../Users/danny/Documents/Unreal Projects/02_DungeonCrawl/DungeonCrawler/Saved/PrototypeMapCC09EECC45E4D604ECF4A5BEDAA495A8.tmp' to '../../../../../../Users/danny/Documents/Unreal Projects/02_DungeonCrawl/DungeonCrawler/Content/PrototypeMap.umap'
[2017.02.22-00.51.47:563][412]LogSavePackage:Display: Finished SavePackage ../../../../../../Users/danny/Documents/Unreal Projects/02_DungeonCrawl/DungeonCrawler/Content/PrototypeMap.umap
[2017.02.22-00.51.47:647][412]Cmd: OBJ SAVEPACKAGE PACKAGE="/Game/PrototypeMap_BuiltData" FILE="../../../../../../Users/danny/Documents/Unreal Projects/02_DungeonCrawl/DungeonCrawler/Content/PrototypeMap_BuiltData.uasset" SILENT=true
[2017.02.22-00.51.48:021][412]LogSavePackage: Save=266.82ms
[2017.02.22-00.51.48:021][412]LogSavePackage: Moving '../../../../../../Users/danny/Documents/Unreal Projects/02_DungeonCrawl/DungeonCrawler/Saved/PrototypeMap_BuiltData66906B414A0E58EE8F2E0289CD4EE813.tmp' to '../../../../../../Users/danny/Documents/Unreal Projects/02_DungeonCrawl/DungeonCrawler/Content/PrototypeMap_BuiltData.uasset'
[2017.02.22-00.51.48:024][412]LogSavePackage:Display: Finished SavePackage ../../../../../../Users/danny/Documents/Unreal Projects/02_DungeonCrawl/DungeonCrawler/Content/PrototypeMap_BuiltData.uasset
[2017.02.22-01.13.15:944][983]LogTemp: Repeting last play command: Selected Viewport
[2017.02.22-01.13.15:981][983]LogPlayLevel: PlayLevel: No blueprints needed recompiling
[2017.02.22-01.13.15:981][983]PIE: New page: PIE session: PrototypeMap (22 Feb 2017 01:13:15)
[2017.02.22-01.13.15:981][983]LogPlayLevel: Creating play world package: /Game/UEDPIE_0_PrototypeMap
[2017.02.22-01.13.16:002][983]LogPlayLevel: PIE: StaticDuplicateObject took: (0.020595s)
[2017.02.22-01.13.16:008][983]LogAIModule: Creating AISystem for world PrototypeMap
[2017.02.22-01.13.16:008][983]LogPlayLevel: PIE: World Init took: (0.005457s)
[2017.02.22-01.13.16:009][983]LogPlayLevel: PIE: Created PIE world by copying editor world from /Game/PrototypeMap.PrototypeMap to /Game/UEDPIE_0_PrototypeMap.PrototypeMap (0.027547s)
[2017.02.22-01.13.16:043][983]LogInit: XAudio2 using 'Speakers / HP (IDT High Definition Audio CODEC)' : 2 channels at 48 kHz using 16 bits per sample (channel mask 0x3)
[2017.02.22-01.13.16:077][983]LogInit: FAudioDevice initialized.
[2017.02.22-01.13.16:121][983]LogLoad: Game class is 'GameMode'
[2017.02.22-01.13.16:130][983]LogWorld: Bringing World /Game/UEDPIE_0_PrototypeMap.PrototypeMap up for play (max tick rate 0) at 2017.02.22-01.13.16
[2017.02.22-01.13.16:131][983]LogWorld: Bringing up level for play took: 0.007552
[2017.02.22-01.13.16:133][983]LogGameMode:Display: Match State Changed from EnteringMap to WaitingToStart
[2017.02.22-01.13.16:133][983]LogGameState: Match State Changed from EnteringMap to WaitingToStart
[2017.02.22-01.13.16:133][983]LogGameMode:Display: Match State Changed from WaitingToStart to InProgress
[2017.02.22-01.13.16:134][983]LogGameState: Match State Changed from WaitingToStart to InProgress
[2017.02.22-01.13.16:135][983]PIE: Info Play in editor start time for /Game/UEDPIE_0_PrototypeMap 0.412
[2017.02.22-01.13.25:998][290]LogEditorViewport: Clicking on Actor (LMB): DefaultPawn (DefaultPawn)
[2017.02.22-01.13.59:092][198]LogContentBrowser: Native class hierarchy updated for 'BlueprintGraph' in 0.0038 seconds. Added 111 classes and 0 folders.
[2017.02.22-01.14.01:317][198]LogRenderer: Reallocating scene render targets to support 1484x900 NumSamples 1 (Frame:17210).
[2017.02.22-01.15.11:302][868]LogSavePackage: Save=98.05ms
[2017.02.22-01.15.11:302][868]LogSavePackage: Moving '../../../../../../Users/danny/Documents/Unreal Projects/02_DungeonCrawl/DungeonCrawler/Saved/PrototypeMap_Auto3A4921D654889D0BE15EE1290D72C8E4E.tmp' to '../../../../../../Users/danny/Documents/Unreal Projects/02_DungeonCrawl/DungeonCrawler/Saved/Autosaves/Game/PrototypeMap_Auto3.umap'
[2017.02.22-01.15.11:309][868]LogSavePackage:Display: Finished SavePackage ../../../../../../Users/danny/Documents/Unreal Projects/02_DungeonCrawl/DungeonCrawler/Saved/Autosaves/Game/PrototypeMap_Auto3.umap
[2017.02.22-01.15.11:313][868]LogFileHelpers: Editor autosave (incl. sublevels) for '/Game/PrototypeMap' took 0.190
[2017.02.22-01.15.11:314][868]LogFileHelpers: Editor autosave (incl. sublevels) for all levels took 0.190
[2017.02.22-01.15.11:396][868]OBJ SavePackage: Generating thumbnails for [1] asset(s) in package [/Game/DefaultPawn_BP] ([1] browsable assets)...
[2017.02.22-01.15.11:452][868]OBJ SavePackage:     Rendered thumbnail for [Blueprint /Game/DefaultPawn_BP.DefaultPawn_BP]
[2017.02.22-01.15.11:453][868]OBJ SavePackage: Finished generating thumbnails for package [/Game/DefaultPawn_BP]
[2017.02.22-01.15.11:513][868]LogSavePackage: Save=54.36ms
[2017.02.22-01.15.11:513][868]LogSavePackage: Moving '../../../../../../Users/danny/Documents/Unreal Projects/02_DungeonCrawl/DungeonCrawler/Saved/DefaultPawn_BP_Auto3A78BF60E41E95E1F139C11B4212A3145.tmp' to '../../../../../../Users/danny/Documents/Unreal Projects/02_DungeonCrawl/DungeonCrawler/Saved/Autosaves/Game/DefaultPawn_BP_Auto3.uasset'
[2017.02.22-01.15.11:518][868]LogSavePackage:Display: Finished SavePackage ../../../../../../Users/danny/Documents/Unreal Projects/02_DungeonCrawl/DungeonCrawler/Saved/Autosaves/Game/DefaultPawn_BP_Auto3.uasset
[2017.02.22-01.15.11:519][868]LogFileHelpers: Auto-saving content packages took 0.203
[2017.02.22-01.26.36:985][826]LogEditorViewport: Clicking on Actor (LMB): DefaultPawn_BP_C (DefaultPawn_BP)
[2017.02.22-01.31.02:342][295]Running C:/Program Files (x86)/Epic Games/4.14/Engine/Binaries/DotNET/UnrealBuildTool.exe DungeonCrawler Win64 Development -editorrecompile "C:/Users/danny/Documents/Unreal Projects/02_DungeonCrawl/DungeonCrawler/DungeonCrawler.uproject" -invalidatemakefilesonly
[2017.02.22-01.31.02:948][295]Invalidating makefiles only in this run.
[2017.02.22-01.31.03:194][295]Recompiling DungeonCrawler...
[2017.02.22-01.31.03:195][295]Launching UnrealBuildTool... [C:/Program Files (x86)/Epic Games/4.14/Engine/Binaries/DotNET/UnrealBuildTool.exe DungeonCrawler -ModuleWithSuffix DungeonCrawler 8281 Win64 Development -editorrecompile -canskiplink "C:/Users/danny/Documents/Unreal Projects/02_DungeonCrawl/DungeonCrawler/DungeonCrawler.uproject" ]
[2017.02.22-01.32.22:602][295]CompilerResultsLog: New page: Compilation - 22 Feb 2017 01:32:22
[2017.02.22-01.32.22:603][295]CompilerResultsLog: Info Creating makefile for hot reloading DungeonCrawler (no existing makefile)
[2017.02.22-01.32.22:603][295]CompilerResultsLog: Info Compiling game modules for hot reload
[2017.02.22-01.32.22:603][295]CompilerResultsLog: Info Parsing headers for DungeonCrawlerEditor
[2017.02.22-01.32.22:603][295]CompilerResultsLog: Info   Running UnrealHeaderTool "C:\Users\danny\Documents\Unreal Projects\02_DungeonCrawl\DungeonCrawler\DungeonCrawler.uproject" "C:\Users\danny\Documents\Unreal Projects\02_DungeonCrawl\DungeonCrawler\Intermediate\Build\Win64\DungeonCrawlerEditor\Development\DungeonCrawlerEditor.uhtmanifest" -LogCmds="loginit warning, logexit warning, logdatabase error" -Unattended -WarningsAsErrors -installed
[2017.02.22-01.32.22:604][295]CompilerResultsLog: Info Reflection code generated for DungeonCrawlerEditor in 5.3037893 seconds
[2017.02.22-01.32.22:604][295]CompilerResultsLog: Info Performing 3 actions (4 in parallel)
[2017.02.22-01.32.22:604][295]CompilerResultsLog: Info DungeonCrawler.generated.cpp
[2017.02.22-01.32.22:604][295]CompilerResultsLog: Info BaseCharacter.cpp
[2017.02.22-01.32.22:604][295]CompilerResultsLog: Info [3/3] Link UE4Editor-DungeonCrawler-8281.dll
[2017.02.22-01.32.22:604][295]CompilerResultsLog: Info    Creating library C:\Users\danny\Documents\Unreal Projects\02_DungeonCrawl\DungeonCrawler\Intermediate\Build\Win64\UE4Editor\Development\UE4Editor-DungeonCrawler-8281.lib and object C:\Users\danny\Documents\Unreal Projects\02_DungeonCrawl\DungeonCrawler\Intermediate\Build\Win64\UE4Editor\Development\UE4Editor-DungeonCrawler-8281.exp
[2017.02.22-01.32.22:605][295]CompilerResultsLog: Info Total build time: 79.21 seconds
[2017.02.22-01.32.22:605][295]LogMainFrame: MainFrame: Module compiling took 79.416 seconds
[2017.02.22-01.32.22:821][295]LogClass: Could not find existing class BaseCharacter in package /Script/DungeonCrawler for HotReload, assuming new class
[2017.02.22-01.32.22:832][295]LogContentBrowser: Native class hierarchy updated for 'DungeonCrawler' in 0.0036 seconds. Added 2 classes and 2 folders.
[2017.02.22-01.32.22:838][295]Display: HotReload successful (0 functions remapped  0 scriptstructs remapped)
[2017.02.22-01.32.23:435][295]LogContentBrowser: Native class hierarchy populated in 0.0253 seconds. Added 2194 classes and 434 folders.
[2017.02.22-01.32.23:435][295]Display: HotReload took 80.3s.
[2017.02.22-01.32.23:438][295]Warning: HotReload operation took 80.3s.
[2017.02.22-01.32.23:663][295]LogVSAccessor:Warning: Couldn't goto line number '0' in 'C:/Users/danny/Documents/Unreal Projects/02_DungeonCrawl/DungeonCrawler/Source/DungeonCrawler/BaseCharacter.h'
[2017.02.22-01.32.23:798][295]LogVSAccessor:Warning: Couldn't goto line number '0' in 'C:/Users/danny/Documents/Unreal Projects/02_DungeonCrawl/DungeonCrawler/Source/DungeonCrawler/BaseCharacter.cpp'
[2017.02.22-01.32.23:830][295]LogHotReload: New module detected: UE4Editor-DungeonCrawler-8281.dll
[2017.02.22-01.32.23:896][296]LogHotReload: Starting Hot-Reload from IDE
[2017.02.22-01.32.24:154][296]LogContentBrowser: Native class hierarchy updated for 'DungeonCrawler' in 0.0036 seconds. Added 2 classes and 2 folders.
[2017.02.22-01.32.24:160][296]Display: HotReload successful (0 functions remapped  0 scriptstructs remapped)
[2017.02.22-01.32.24:680][296]LogContentBrowser: Native class hierarchy populated in 0.0230 seconds. Added 2194 classes and 434 folders.
[2017.02.22-01.32.24:685][296]Display: HotReload took  0.8s.
[2017.02.22-01.56.24:318][786]LogHotReload: New module detected: UE4Editor-DungeonCrawler-8803.dll
[2017.02.22-01.56.26:694][794]LogHotReload: Starting Hot-Reload from IDE
[2017.02.22-01.56.27:295][794]LogClass: Could not find existing class BaseCharacter in package /Script/DungeonCrawler for HotReload, assuming new class
[2017.02.22-01.56.27:295][794]LogClass: Function CheckHealth is new.
[2017.02.22-01.56.27:312][794]LogHotReload: Re-instancing BaseCharacter after hot-reload.
[2017.02.22-01.56.27:470][794]LogContentBrowser: Native class hierarchy updated for 'DungeonCrawler' in 0.0043 seconds. Added 2 classes and 2 folders.
[2017.02.22-01.56.27:477][794]Display: HotReload successful (0 functions remapped  0 scriptstructs remapped)
[2017.02.22-01.56.28:134][794]LogContentBrowser: Native class hierarchy populated in 0.0249 seconds. Added 2194 classes and 434 folders.
[2017.02.22-01.56.28:140][794]Display: HotReload took  1.4s.
[2017.02.22-01.57.45:631][ 85]LogHotReload: New module detected: UE4Editor-DungeonCrawler-3924.dll
[2017.02.22-01.57.47:126][165]LogEditorViewport: Clicking on Actor (LMB): DefaultPawn_BP_C (DefaultPawn_BP)
[2017.02.22-01.57.49:002][258]LogHotReload: Starting Hot-Reload from IDE
[2017.02.22-01.57.49:368][258]LogContentBrowser: Native class hierarchy updated for 'DungeonCrawler' in 0.0036 seconds. Added 2 classes and 2 folders.
[2017.02.22-01.57.49:376][258]Display: HotReload successful (1 functions remapped  0 scriptstructs remapped)
[2017.02.22-01.57.49:932][258]LogContentBrowser: Native class hierarchy populated in 0.0222 seconds. Added 2194 classes and 434 folders.
[2017.02.22-01.57.49:936][258]Display: HotReload took  0.9s.
[2017.02.22-01.57.53:551][469]LogEditorViewport: Clicking on Actor (LMB): DefaultPawn_BP_C (DefaultPawn_BP)
[2017.02.22-01.57.54:850][540]Cmd: DELETE
[2017.02.22-01.57.54:850][540]Cmd: ACTOR DELETE
[2017.02.22-01.57.54:867][540]LogEditorActor: Deleted Actor: DefaultPawn_BP_C
[2017.02.22-01.57.54:997][540]LogEditorActor: Deleted 1 Actors (0.133 secs)
[2017.02.22-01.58.39:798][932]LogSavePackage: Save=76.68ms
[2017.02.22-01.58.39:798][932]LogSavePackage: Moving '../../../../../../Users/danny/Documents/Unreal Projects/02_DungeonCrawl/DungeonCrawler/Saved/PrototypeMap_Auto4D9E4BE0947DC32603A526389A1278805.tmp' to '../../../../../../Users/danny/Documents/Unreal Projects/02_DungeonCrawl/DungeonCrawler/Saved/Autosaves/Game/PrototypeMap_Auto4.umap'
[2017.02.22-01.58.39:801][932]LogSavePackage:Display: Finished SavePackage ../../../../../../Users/danny/Documents/Unreal Projects/02_DungeonCrawl/DungeonCrawler/Saved/Autosaves/Game/PrototypeMap_Auto4.umap
[2017.02.22-01.58.39:805][932]LogFileHelpers: Editor autosave (incl. sublevels) for '/Game/PrototypeMap' took 0.160
[2017.02.22-01.58.39:806][932]LogFileHelpers: Editor autosave (incl. sublevels) for all levels took 0.160
[2017.02.22-02.02.04:970][853]LogSlate:Warning: Prevented a slow task dialog from being summoned while a context menu was open
[2017.02.22-02.02.06:842][853]LogAIModule: Creating AISystem for world TopDownExampleMap
[2017.02.22-02.09.03:839][870]BlueprintLog: New page: Compile Player
[2017.02.22-02.09.05:619][900]Cmd: OBJ SAVEPACKAGE PACKAGE="/Game/BluePrints/Player" FILE="../../../../../../Users/danny/Documents/Unreal Projects/02_DungeonCrawl/DungeonCrawler/Content/BluePrints/Player.uasset" SILENT=true
[2017.02.22-02.09.05:692][900]LogSavePackage: Save=69.03ms
[2017.02.22-02.09.05:692][900]LogSavePackage: Moving '../../../../../../Users/danny/Documents/Unreal Projects/02_DungeonCrawl/DungeonCrawler/Saved/Player0AA5F45E454666E69479878D38F4AFF7.tmp' to '../../../../../../Users/danny/Documents/Unreal Projects/02_DungeonCrawl/DungeonCrawler/Content/BluePrints/Player.uasset'
[2017.02.22-02.09.05:698][900]LogSavePackage:Display: Finished SavePackage ../../../../../../Users/danny/Documents/Unreal Projects/02_DungeonCrawl/DungeonCrawler/Content/BluePrints/Player.uasset
[2017.02.22-02.09.08:791][969]Cmd: OBJ SAVEPACKAGE PACKAGE="/Game/BluePrints/Player" FILE="../../../../../../Users/danny/Documents/Unreal Projects/02_DungeonCrawl/DungeonCrawler/Content/BluePrints/Player.uasset" SILENT=true
[2017.02.22-02.09.08:863][969]LogSavePackage: Save=50.54ms
[2017.02.22-02.09.08:864][969]LogSavePackage: Moving '../../../../../../Users/danny/Documents/Unreal Projects/02_DungeonCrawl/DungeonCrawler/Saved/Player41F1C7AA4069A5361FF445B4F786B69C.tmp' to '../../../../../../Users/danny/Documents/Unreal Projects/02_DungeonCrawl/DungeonCrawler/Content/BluePrints/Player.uasset'
[2017.02.22-02.09.08:868][969]LogSavePackage:Display: Finished SavePackage ../../../../../../Users/danny/Documents/Unreal Projects/02_DungeonCrawl/DungeonCrawler/Content/BluePrints/Player.uasset
[2017.02.22-02.09.59:451][416]LogEditorTransaction: Undo Modify Component(s)
[2017.02.22-02.10.51:970][469]BlueprintLog: New page: Compile Player
[2017.02.22-02.10.53:350][491]Cmd: OBJ SAVEPACKAGE PACKAGE="/Game/BluePrints/Player" FILE="../../../../../../Users/danny/Documents/Unreal Projects/02_DungeonCrawl/DungeonCrawler/Content/BluePrints/Player.uasset" SILENT=true
[2017.02.22-02.10.53:425][491]LogSavePackage: Save=63.87ms
[2017.02.22-02.10.53:425][491]LogSavePackage: Moving '../../../../../../Users/danny/Documents/Unreal Projects/02_DungeonCrawl/DungeonCrawler/Saved/PlayerC9FE355F46106578C34B85B5226D68C4.tmp' to '../../../../../../Users/danny/Documents/Unreal Projects/02_DungeonCrawl/DungeonCrawler/Content/BluePrints/Player.uasset'
[2017.02.22-02.10.53:432][491]LogSavePackage:Display: Finished SavePackage ../../../../../../Users/danny/Documents/Unreal Projects/02_DungeonCrawl/DungeonCrawler/Content/BluePrints/Player.uasset
[2017.02.22-02.12.03:575][594]BlueprintLog: New page: Compile Player
[2017.02.22-02.12.46:124][ 57]BlueprintLog: New page: Compile Player
[2017.02.22-02.13.24:546][355]BlueprintLog: New page: Compile Player
[2017.02.22-02.13.34:603][830]LogTemp: Repeting last play command: Selected Viewport
[2017.02.22-02.13.34:643][830]LogPlayLevel: PlayLevel: No blueprints needed recompiling
[2017.02.22-02.13.34:644][830]PIE: New page: PIE session: PrototypeMap (22 Feb 2017 02:13:34)
[2017.02.22-02.13.34:644][830]LogPlayLevel: Creating play world package: /Game/UEDPIE_0_PrototypeMap
[2017.02.22-02.13.34:660][830]LogPlayLevel: PIE: StaticDuplicateObject took: (0.016240s)
[2017.02.22-02.13.34:663][830]LogAIModule: Creating AISystem for world PrototypeMap
[2017.02.22-02.13.34:663][830]LogPlayLevel: PIE: World Init took: (0.002888s)
[2017.02.22-02.13.34:664][830]LogPlayLevel: PIE: Created PIE world by copying editor world from /Game/PrototypeMap.PrototypeMap to /Game/UEDPIE_0_PrototypeMap.PrototypeMap (0.020016s)
[2017.02.22-02.13.34:744][830]LogInit: XAudio2 using 'Speakers / HP (IDT High Definition Audio CODEC)' : 2 channels at 48 kHz using 16 bits per sample (channel mask 0x3)
[2017.02.22-02.13.34:791][830]LogInit: FAudioDevice initialized.
[2017.02.22-02.13.34:831][830]LogLoad: Game class is 'GameMode'
[2017.02.22-02.13.34:841][830]LogWorld: Bringing World /Game/UEDPIE_0_PrototypeMap.PrototypeMap up for play (max tick rate 0) at 2017.02.22-02.13.34
[2017.02.22-02.13.34:929][830]LogWorld: Bringing up level for play took: 0.095811
[2017.02.22-02.13.34:931][830]LogGameMode:Display: Match State Changed from EnteringMap to WaitingToStart
[2017.02.22-02.13.34:931][830]LogGameState: Match State Changed from EnteringMap to WaitingToStart
[2017.02.22-02.13.34:931][830]LogGameMode:Display: Match State Changed from WaitingToStart to InProgress
[2017.02.22-02.13.34:932][830]LogGameState: Match State Changed from WaitingToStart to InProgress
[2017.02.22-02.13.34:932][830]PIE: Info Play in editor start time for /Game/UEDPIE_0_PrototypeMap 1.21
[2017.02.22-02.17.08:638][479]BlueprintLog: New page: Compile Player
[2017.02.22-02.17.48:658][573]LogEditorViewport: Clicking on Actor (LMB): StaticMeshActor (Floor)
[2017.02.22-02.17.49:669][670]LogEditorViewport: Clicking on Actor (LMB): PlayerStart (PlayerStart)
[2017.02.22-02.17.52:894][ 39]Cmd: DELETE
[2017.02.22-02.17.52:894][ 39]Cmd: ACTOR DELETE
[2017.02.22-02.17.52:895][ 39]LogEditorActor: Deleted Actor: PlayerStart
[2017.02.22-02.17.52:927][ 39]LogEditorActor: Deleted 1 Actors (0.033 secs)
[2017.02.22-02.18.13:893][975]LogNavigationPoint: PostEditMove Clear paths rebuilt
[2017.02.22-02.18.32:084][ 66]LogEditorViewport: Clicking on Actor (LMB): Player_C (Player)
[2017.02.22-02.18.47:834][991]BlueprintLog: New page: Compile Player
[2017.02.22-02.19.02:332][737]LogEditorViewport: Clicking on Actor (LMB): StaticMeshActor (Floor)
[2017.02.22-02.19.03:437][838]LogEditorViewport: Clicking on Actor (LMB): Player_C (Player)
[2017.02.22-02.19.05:965][ 99]Cmd: DELETE
[2017.02.22-02.19.05:965][ 99]Cmd: ACTOR DELETE
[2017.02.22-02.19.05:966][ 99]LogEditorActor: Deleted Actor: Player_C
[2017.02.22-02.19.06:027][ 99]LogEditorActor: Deleted 1 Actors (0.062 secs)
[2017.02.22-02.19.42:806][945]LogActorComponent: UnregisterComponent: (/Engine/Transient.EditorFloorComp) Not registered. Aborting.
[2017.02.22-02.20.40:791][155]LogSlate: Only BGRA pngs, bmps or icos are supported in by External Image Picker
[2017.02.22-02.20.41:071][163]LogTemp:Display: Executing iPhonePackager certificates Engine -bundlename com.YourCompany.DungeonCrawler

[2017.02.22-02.20.41:072][163]LogTemp:Display: CWD: C:\Program Files (x86)\Epic Games\4.14\Engine\Binaries\DotNet\IOS

[2017.02.22-02.20.41:072][163]LogTemp:Display: Initial Dir: C:\Program Files (x86)\Epic Games\4.14

[2017.02.22-02.20.41:072][163]LogTemp:Display: Env CWD: C:\Program Files (x86)\Epic Games\4.14\Engine\Binaries\DotNet\IOS

[2017.02.22-02.20.41:072][163]LogTemp:Display: BranchPath = DANNY/C/Program Files (x86)/Epic Games/4.14/Engine/Binaries --- GameBranchPath = DANNY/C/Program Files (x86)/Epic Games/4.14/Engine/Binaries

[2017.02.22-02.20.41:105][167]LogTemp:Display: IPP ERROR: Application exception: System.IO.DirectoryNotFoundException: Could not find a part of the path 'C:\Users\danny\AppData\Local\Apple Computer\MobileDevice\Provisioning Profiles'.

[2017.02.22-02.20.41:105][167]LogTemp:Display:    at System.IO.__Error.WinIOError(Int32 errorCode, String maybeFullPath)

[2017.02.22-02.20.41:105][167]LogTemp:Display:    at System.IO.FileSystemEnumerableIterator`1.CommonInit()

[2017.02.22-02.20.41:105][167]LogTemp:Display:    at System.IO.Directory.EnumerateFiles(String path, String searchPattern)

[2017.02.22-02.20.41:105][167]LogTemp:Display:    at iPhonePackager.CodeSignatureBuilder.FindProvisions(String CFBundleIdentifier)

[2017.02.22-02.20.41:105][167]LogTemp:Display:    at iPhonePackager.Program.Main(String[] args)

[2017.02.22-02.20.42:471][235]LogSavePackage: Save=83.65ms
[2017.02.22-02.20.42:471][235]LogSavePackage: Moving '../../../../../../Users/danny/Documents/Unreal Projects/02_DungeonCrawl/DungeonCrawler/Saved/PrototypeMap_Auto50A90530D463769D4D452EB9A1C6EF368.tmp' to '../../../../../../Users/danny/Documents/Unreal Projects/02_DungeonCrawl/DungeonCrawler/Saved/Autosaves/Game/PrototypeMap_Auto5.umap'
[2017.02.22-02.20.42:476][235]LogSavePackage:Display: Finished SavePackage ../../../../../../Users/danny/Documents/Unreal Projects/02_DungeonCrawl/DungeonCrawler/Saved/Autosaves/Game/PrototypeMap_Auto5.umap
[2017.02.22-02.20.42:480][235]LogFileHelpers: Editor autosave (incl. sublevels) for '/Game/PrototypeMap' took 0.154
[2017.02.22-02.20.42:480][235]LogFileHelpers: Editor autosave (incl. sublevels) for all levels took 0.154
[2017.02.22-02.20.42:486][235]OBJ SavePackage: Generating thumbnails for [1] asset(s) in package [/Game/BluePrints/Player] ([1] browsable assets)...
[2017.02.22-02.20.42:525][235]OBJ SavePackage:     Rendered thumbnail for [Blueprint /Game/BluePrints/Player.Player]
[2017.02.22-02.20.42:525][235]OBJ SavePackage: Finished generating thumbnails for package [/Game/BluePrints/Player]
[2017.02.22-02.20.42:602][235]LogSavePackage: Save=60.01ms
[2017.02.22-02.20.42:602][235]LogSavePackage: Moving '../../../../../../Users/danny/Documents/Unreal Projects/02_DungeonCrawl/DungeonCrawler/Saved/Player_Auto59E1446904CA5B5EA181185B5FDA1EBBC.tmp' to '../../../../../../Users/danny/Documents/Unreal Projects/02_DungeonCrawl/DungeonCrawler/Saved/Autosaves/Game/BluePrints/Player_Auto5.uasset'
[2017.02.22-02.20.42:605][235]LogSavePackage:Display: Finished SavePackage ../../../../../../Users/danny/Documents/Unreal Projects/02_DungeonCrawl/DungeonCrawler/Saved/Autosaves/Game/BluePrints/Player_Auto5.uasset
[2017.02.22-02.20.42:606][235]OBJ SavePackage: Generating thumbnails for [0] asset(s) in package [/Game/BluePrints/DCMode] ([1] browsable assets)...
[2017.02.22-02.20.42:606][235]OBJ SavePackage: Finished generating thumbnails for package [/Game/BluePrints/DCMode]
[2017.02.22-02.20.42:637][235]LogSavePackage: Save=27.30ms
[2017.02.22-02.20.42:637][235]LogSavePackage: Moving '../../../../../../Users/danny/Documents/Unreal Projects/02_DungeonCrawl/DungeonCrawler/Saved/DCMode_Auto514EA401C49D01C106F665280B2062B4B.tmp' to '../../../../../../Users/danny/Documents/Unreal Projects/02_DungeonCrawl/DungeonCrawler/Saved/Autosaves/Game/BluePrints/DCMode_Auto5.uasset'
[2017.02.22-02.20.42:640][235]LogSavePackage:Display: Finished SavePackage ../../../../../../Users/danny/Documents/Unreal Projects/02_DungeonCrawl/DungeonCrawler/Saved/Autosaves/Game/BluePrints/DCMode_Auto5.uasset
[2017.02.22-02.20.42:641][235]LogFileHelpers: Auto-saving content packages took 0.157
[2017.02.22-02.21.02:287][706]LogSlate:Warning: Prevented a slow task dialog from being summoned while a context menu was open
[2017.02.22-02.21.31:219][719]LogTemp: Repeting last play command: Selected Viewport
[2017.02.22-02.21.31:257][719]LogPlayLevel: PlayLevel: No blueprints needed recompiling
[2017.02.22-02.21.31:257][719]PIE: New page: PIE session: PrototypeMap (22 Feb 2017 02:21:31)
[2017.02.22-02.21.31:257][719]LogPlayLevel: Creating play world package: /Game/UEDPIE_0_PrototypeMap
[2017.02.22-02.21.31:265][719]LogPlayLevel: PIE: StaticDuplicateObject took: (0.007848s)
[2017.02.22-02.21.31:267][719]LogAIModule: Creating AISystem for world PrototypeMap
[2017.02.22-02.21.31:267][719]LogPlayLevel: PIE: World Init took: (0.001453s)
[2017.02.22-02.21.31:268][719]LogPlayLevel: PIE: Created PIE world by copying editor world from /Game/PrototypeMap.PrototypeMap to /Game/UEDPIE_0_PrototypeMap.PrototypeMap (0.010095s)
[2017.02.22-02.21.31:310][719]LogInit: XAudio2 using 'Speakers / HP (IDT High Definition Audio CODEC)' : 2 channels at 48 kHz using 16 bits per sample (channel mask 0x3)
[2017.02.22-02.21.31:341][719]LogInit: FAudioDevice initialized.
[2017.02.22-02.21.31:380][719]LogLoad: Game class is 'DCMode_C'
[2017.02.22-02.21.31:386][719]LogWorld: Bringing World /Game/UEDPIE_0_PrototypeMap.PrototypeMap up for play (max tick rate 0) at 2017.02.22-02.21.31
[2017.02.22-02.21.31:387][719]LogWorld: Bringing up level for play took: 0.004489
[2017.02.22-02.21.31:390][719]PIE: Info Play in editor start time for /Game/UEDPIE_0_PrototypeMap -0.332
[2017.02.22-02.22.31:151][938]Cmd: OBJ SAVEPACKAGE PACKAGE="/Game/BluePrints/DCMode" FILE="../../../../../../Users/danny/Documents/Unreal Projects/02_DungeonCrawl/DungeonCrawler/Content/BluePrints/DCMode.uasset" SILENT=true
[2017.02.22-02.22.31:179][938]LogSavePackage: Save=24.34ms
[2017.02.22-02.22.31:179][938]LogSavePackage: Moving '../../../../../../Users/danny/Documents/Unreal Projects/02_DungeonCrawl/DungeonCrawler/Saved/DCModeC8A4C88B46A9DFEB433897B60D152927.tmp' to '../../../../../../Users/danny/Documents/Unreal Projects/02_DungeonCrawl/DungeonCrawler/Content/BluePrints/DCMode.uasset'
[2017.02.22-02.22.31:190][938]LogSavePackage:Display: Finished SavePackage ../../../../../../Users/danny/Documents/Unreal Projects/02_DungeonCrawl/DungeonCrawler/Content/BluePrints/DCMode.uasset
[2017.02.22-02.24.24:932][718]BlueprintLog: New page: Compile DCMode
[2017.02.22-02.24.26:424][803]Cmd: OBJ SAVEPACKAGE PACKAGE="/Game/BluePrints/DCMode" FILE="../../../../../../Users/danny/Documents/Unreal Projects/02_DungeonCrawl/DungeonCrawler/Content/BluePrints/DCMode.uasset" SILENT=true
[2017.02.22-02.24.26:464][803]LogSavePackage: Save=23.18ms
[2017.02.22-02.24.26:464][803]LogSavePackage: Moving '../../../../../../Users/danny/Documents/Unreal Projects/02_DungeonCrawl/DungeonCrawler/Saved/DCMode63FEFB774D74DA8C2940B48169737193.tmp' to '../../../../../../Users/danny/Documents/Unreal Projects/02_DungeonCrawl/DungeonCrawler/Content/BluePrints/DCMode.uasset'
[2017.02.22-02.24.26:471][803]LogSavePackage:Display: Finished SavePackage ../../../../../../Users/danny/Documents/Unreal Projects/02_DungeonCrawl/DungeonCrawler/Content/BluePrints/DCMode.uasset
[2017.02.22-02.24.41:628][374]LogEditorViewport: Clicking on Actor (LMB): PlayerStart (PlayerStart)
[2017.02.22-02.24.51:579][250]LogSlate: Only BGRA pngs, bmps or icos are supported in by External Image Picker
[2017.02.22-02.24.51:740][260]LogTemp:Display: Executing iPhonePackager certificates Engine -bundlename com.YourCompany.DungeonCrawler

[2017.02.22-02.24.51:740][260]LogTemp:Display: CWD: C:\Program Files (x86)\Epic Games\4.14\Engine\Binaries\DotNet\IOS

[2017.02.22-02.24.51:740][260]LogTemp:Display: Initial Dir: C:\Program Files (x86)\Epic Games\4.14

[2017.02.22-02.24.51:741][260]LogTemp:Display: Env CWD: C:\Program Files (x86)\Epic Games\4.14\Engine\Binaries\DotNet\IOS

[2017.02.22-02.24.51:748][261]LogTemp:Display: BranchPath = DANNY/C/Program Files (x86)/Epic Games/4.14/Engine/Binaries --- GameBranchPath = DANNY/C/Program Files (x86)/Epic Games/4.14/Engine/Binaries

[2017.02.22-02.24.51:781][265]LogTemp:Display: IPP ERROR: Application exception: System.IO.DirectoryNotFoundException: Could not find a part of the path 'C:\Users\danny\AppData\Local\Apple Computer\MobileDevice\Provisioning Profiles'.

[2017.02.22-02.24.51:782][265]LogTemp:Display:    at System.IO.__Error.WinIOError(Int32 errorCode, String maybeFullPath)

[2017.02.22-02.24.51:782][265]LogTemp:Display:    at System.IO.FileSystemEnumerableIterator`1.CommonInit()

[2017.02.22-02.24.51:782][265]LogTemp:Display:    at System.IO.Directory.EnumerateFiles(String path, String searchPattern)

[2017.02.22-02.24.51:782][265]LogTemp:Display:    at iPhonePackager.CodeSignatureBuilder.FindProvisions(String CFBundleIdentifier)

[2017.02.22-02.24.51:782][265]LogTemp:Display:    at iPhonePackager.Program.Main(String[] args)

[2017.02.22-02.25.01:229][170]LogTemp: Repeting last play command: Selected Viewport
[2017.02.22-02.25.01:272][170]LogPlayLevel: PlayLevel: No blueprints needed recompiling
[2017.02.22-02.25.01:273][170]PIE: New page: PIE session: PrototypeMap (22 Feb 2017 02:25:01)
[2017.02.22-02.25.01:273][170]LogPlayLevel: Creating play world package: /Game/UEDPIE_0_PrototypeMap
[2017.02.22-02.25.01:281][170]LogPlayLevel: PIE: StaticDuplicateObject took: (0.008154s)
[2017.02.22-02.25.01:283][170]LogAIModule: Creating AISystem for world PrototypeMap
[2017.02.22-02.25.01:283][170]LogPlayLevel: PIE: World Init took: (0.001646s)
[2017.02.22-02.25.01:284][170]LogPlayLevel: PIE: Created PIE world by copying editor world from /Game/PrototypeMap.PrototypeMap to /Game/UEDPIE_0_PrototypeMap.PrototypeMap (0.010589s)
[2017.02.22-02.25.01:326][170]LogInit: XAudio2 using 'Speakers / HP (IDT High Definition Audio CODEC)' : 2 channels at 48 kHz using 16 bits per sample (channel mask 0x3)
[2017.02.22-02.25.01:357][170]LogInit: FAudioDevice initialized.
[2017.02.22-02.25.01:397][170]LogLoad: Game class is 'DCMode_C'
[2017.02.22-02.25.01:402][170]LogWorld: Bringing World /Game/UEDPIE_0_PrototypeMap.PrototypeMap up for play (max tick rate 0) at 2017.02.22-02.25.01
[2017.02.22-02.25.01:403][170]LogWorld: Bringing up level for play took: 0.003456
[2017.02.22-02.25.01:409][170]PIE: Info Play in editor start time for /Game/UEDPIE_0_PrototypeMap -0.314
[2017.02.22-02.25.15:522][268]LogTemp: Repeting last play command: Selected Viewport
[2017.02.22-02.25.15:553][268]LogPlayLevel: PlayLevel: No blueprints needed recompiling
[2017.02.22-02.25.15:553][268]PIE: New page: PIE session: PrototypeMap (22 Feb 2017 02:25:15)
[2017.02.22-02.25.15:553][268]LogPlayLevel: Creating play world package: /Game/UEDPIE_0_PrototypeMap
[2017.02.22-02.25.15:562][268]LogPlayLevel: PIE: StaticDuplicateObject took: (0.008250s)
[2017.02.22-02.25.15:563][268]LogAIModule: Creating AISystem for world PrototypeMap
[2017.02.22-02.25.15:564][268]LogPlayLevel: PIE: World Init took: (0.001808s)
[2017.02.22-02.25.15:564][268]LogPlayLevel: PIE: Created PIE world by copying editor world from /Game/PrototypeMap.PrototypeMap to /Game/UEDPIE_0_PrototypeMap.PrototypeMap (0.010830s)
[2017.02.22-02.25.15:609][268]LogInit: XAudio2 using 'Speakers / HP (IDT High Definition Audio CODEC)' : 2 channels at 48 kHz using 16 bits per sample (channel mask 0x3)
[2017.02.22-02.25.15:635][268]LogInit: FAudioDevice initialized.
[2017.02.22-02.25.15:671][268]LogLoad: Game class is 'DCMode_C'
[2017.02.22-02.25.15:676][268]LogWorld: Bringing World /Game/UEDPIE_0_PrototypeMap.PrototypeMap up for play (max tick rate 0) at 2017.02.22-02.25.15
[2017.02.22-02.25.15:677][268]LogWorld: Bringing up level for play took: 0.003508
[2017.02.22-02.25.15:680][268]PIE: Info Play in editor start time for /Game/UEDPIE_0_PrototypeMap -0.042
[2017.02.22-02.26.02:192][373]LogTemp: Repeting last play command: Selected Viewport
[2017.02.22-02.26.02:223][373]LogPlayLevel: PlayLevel: No blueprints needed recompiling
[2017.02.22-02.26.02:224][373]PIE: New page: PIE session: PrototypeMap (22 Feb 2017 02:26:02)
[2017.02.22-02.26.02:224][373]LogPlayLevel: Creating play world package: /Game/UEDPIE_0_PrototypeMap
[2017.02.22-02.26.02:232][373]LogPlayLevel: PIE: StaticDuplicateObject took: (0.007874s)
[2017.02.22-02.26.02:233][373]LogAIModule: Creating AISystem for world PrototypeMap
[2017.02.22-02.26.02:234][373]LogPlayLevel: PIE: World Init took: (0.001441s)
[2017.02.22-02.26.02:234][373]LogPlayLevel: PIE: Created PIE world by copying editor world from /Game/PrototypeMap.PrototypeMap to /Game/UEDPIE_0_PrototypeMap.PrototypeMap (0.010075s)
[2017.02.22-02.26.02:276][373]LogInit: XAudio2 using 'Speakers / HP (IDT High Definition Audio CODEC)' : 2 channels at 48 kHz using 16 bits per sample (channel mask 0x3)
[2017.02.22-02.26.02:302][373]LogInit: FAudioDevice initialized.
[2017.02.22-02.26.02:341][373]LogLoad: Game class is 'DCMode_C'
[2017.02.22-02.26.02:347][373]LogWorld: Bringing World /Game/UEDPIE_0_PrototypeMap.PrototypeMap up for play (max tick rate 0) at 2017.02.22-02.26.02
[2017.02.22-02.26.02:347][373]LogWorld: Bringing up level for play took: 0.003846
[2017.02.22-02.26.02:350][373]PIE: Info Play in editor start time for /Game/UEDPIE_0_PrototypeMap 0.628
[2017.02.22-02.26.35:586][299]Cmd: TRANSACTION UNDO
[2017.02.22-02.26.35:587][299]LogEditorTransaction: Undo Modify Component(s)
[2017.02.22-02.26.46:004][602]Cmd: TRANSACTION UNDO
[2017.02.22-02.26.46:004][602]LogEditorTransaction: Undo Modify Component(s)
[2017.02.22-02.27.29:533][930]Cmd: OBJ SAVEPACKAGE PACKAGE="/Game/BluePrints/Player" FILE="../../../../../../Users/danny/Documents/Unreal Projects/02_DungeonCrawl/DungeonCrawler/Content/BluePrints/Player.uasset" SILENT=true
[2017.02.22-02.27.29:618][930]LogSavePackage: Save=64.48ms
[2017.02.22-02.27.29:618][930]LogSavePackage: Moving '../../../../../../Users/danny/Documents/Unreal Projects/02_DungeonCrawl/DungeonCrawler/Saved/Player96C2C7F54E092CFBE7579FA1D32819C2.tmp' to '../../../../../../Users/danny/Documents/Unreal Projects/02_DungeonCrawl/DungeonCrawler/Content/BluePrints/Player.uasset'
[2017.02.22-02.27.29:630][930]LogSavePackage:Display: Finished SavePackage ../../../../../../Users/danny/Documents/Unreal Projects/02_DungeonCrawl/DungeonCrawler/Content/BluePrints/Player.uasset
[2017.02.22-02.27.33:294][ 91]BlueprintLog: New page: Compile Player
[2017.02.22-02.27.34:473][138]Cmd: OBJ SAVEPACKAGE PACKAGE="/Game/BluePrints/Player" FILE="../../../../../../Users/danny/Documents/Unreal Projects/02_DungeonCrawl/DungeonCrawler/Content/BluePrints/Player.uasset" SILENT=true
