Log file open, 02/15/17 21:27:35
LogInit:Display: Running engine for game: DungeonCrawler
LogPlatformFile: Not using cached read wrapper
LogInit:Display: RandInit(-184650095) SRandInit(-184650095).
LogTaskGraph: Started task graph with 5 named threads and 8 total threads with 1 sets of task threads.
LogStats: Stats thread started at 0.148063
LogPluginManager: Loaded Plugin Paper2D, From C:/Program Files (x86)/Epic Games/4.14/Engine/Plugins/2D/Paper2D/Paper2D.uplugin
LogPluginManager: Loaded Plugin LightPropagationVolume, From C:/Program Files (x86)/Epic Games/4.14/Engine/Plugins/Blendables/LightPropagationVolume/LightPropagationVolume.uplugin
LogPluginManager: Loaded Plugin BlankPlugin, From C:/Program Files (x86)/Epic Games/4.14/Engine/Plugins/Developer/BlankPlugin/BlankPlugin.uplugin
LogPluginManager: Loaded Plugin CodeLiteSourceCodeAccess, From C:/Program Files (x86)/Epic Games/4.14/Engine/Plugins/Developer/CodeLiteSourceCodeAccess/CodeLiteSourceCodeAccess.uplugin
LogPluginManager: Loaded Plugin GitSourceControl, From C:/Program Files (x86)/Epic Games/4.14/Engine/Plugins/Developer/GitSourceControl/GitSourceControl.uplugin
LogPluginManager: Loaded Plugin KDevelopSourceCodeAccess, From C:/Program Files (x86)/Epic Games/4.14/Engine/Plugins/Developer/KDevelopSourceCodeAccess/KDevelopSourceCodeAccess.uplugin
LogPluginManager: Loaded Plugin NullSourceCodeAccess, From C:/Program Files (x86)/Epic Games/4.14/Engine/Plugins/Developer/NullSourceCodeAccess/NullSourceCodeAccess.uplugin
LogPluginManager: Loaded Plugin OneSkyLocalizationService, From C:/Program Files (x86)/Epic Games/4.14/Engine/Plugins/Developer/OneSkyLocalizationService/OneSkyLocalizationService.uplugin
LogPluginManager: Loaded Plugin PerforceSourceControl, From C:/Program Files (x86)/Epic Games/4.14/Engine/Plugins/Developer/PerforceSourceControl/PerforceSourceControl.uplugin
LogPluginManager: Loaded Plugin SubversionSourceControl, From C:/Program Files (x86)/Epic Games/4.14/Engine/Plugins/Developer/SubversionSourceControl/SubversionSourceControl.uplugin
LogPluginManager: Loaded Plugin UObjectPlugin, From C:/Program Files (x86)/Epic Games/4.14/Engine/Plugins/Developer/UObjectPlugin/UObjectPlugin.uplugin
LogPluginManager: Loaded Plugin VisualStudioSourceCodeAccess, From C:/Program Files (x86)/Epic Games/4.14/Engine/Plugins/Developer/VisualStudioSourceCodeAccess/VisualStudioSourceCodeAccess.uplugin
LogPluginManager: Loaded Plugin XCodeSourceCodeAccess, From C:/Program Files (x86)/Epic Games/4.14/Engine/Plugins/Developer/XCodeSourceCodeAccess/XCodeSourceCodeAccess.uplugin
LogPluginManager: Loaded Plugin AudioCapture, From C:/Program Files (x86)/Epic Games/4.14/Engine/Plugins/Editor/AudioCapture/AudioCapture.uplugin
LogPluginManager: Loaded Plugin EpicSurvey, From C:/Program Files (x86)/Epic Games/4.14/Engine/Plugins/Editor/EpicSurvey/EpicSurvey.uplugin
LogPluginManager: Loaded Plugin MacGraphicsSwitching, From C:/Program Files (x86)/Epic Games/4.14/Engine/Plugins/Editor/MacGraphicsSwitching/MacGraphicsSwitching.uplugin
LogPluginManager: Loaded Plugin MobileLauncherProfileWizard, From C:/Program Files (x86)/Epic Games/4.14/Engine/Plugins/Editor/MobileLauncherProfileWizard/MobileLauncherProfileWizard.uplugin
LogPluginManager: Loaded Plugin PluginBrowser, From C:/Program Files (x86)/Epic Games/4.14/Engine/Plugins/Editor/PluginBrowser/PluginBrowser.uplugin
LogPluginManager: Loaded Plugin SpeedTreeImporter, From C:/Program Files (x86)/Epic Games/4.14/Engine/Plugins/Editor/SpeedTreeImporter/SpeedTreeImporter.uplugin
LogPluginManager: Loaded Plugin SuperSearchEditor, From C:/Program Files (x86)/Epic Games/4.14/Engine/Plugins/Editor/SuperSearchEditor/SuperSearchEditor.uplugin
LogPluginManager: Loaded Plugin AlembicImporter, From C:/Program Files (x86)/Epic Games/4.14/Engine/Plugins/Experimental/AlembicImporter/AlembicImporter.uplugin
LogPluginManager: Loaded Plugin BlueprintStats, From C:/Program Files (x86)/Epic Games/4.14/Engine/Plugins/Experimental/BlueprintStats/BlueprintStats.uplugin
LogPluginManager: Loaded Plugin CharacterAI, From C:/Program Files (x86)/Epic Games/4.14/Engine/Plugins/Experimental/CharacterAI/CharacterAI.uplugin
LogPluginManager: Loaded Plugin CodeEditor, From C:/Program Files (x86)/Epic Games/4.14/Engine/Plugins/Experimental/CodeEditor/CodeEditor.uplugin
LogPluginManager: Loaded Plugin CodeView, From C:/Program Files (x86)/Epic Games/4.14/Engine/Plugins/Experimental/CodeView/CodeView.uplugin
LogPluginManager: Loaded Plugin HTML5Networking, From C:/Program Files (x86)/Epic Games/4.14/Engine/Plugins/Experimental/HTML5Networking/HTML5Networking.uplugin
LogPluginManager: Loaded Plugin OSVR, From C:/Program Files (x86)/Epic Games/4.14/Engine/Plugins/Experimental/OSVR/OSVR.uplugin
LogPluginManager: Loaded Plugin Phya, From C:/Program Files (x86)/Epic Games/4.14/Engine/Plugins/Experimental/Phya/Phya.uplugin
LogPluginManager: Loaded Plugin SignificanceManager, From C:/Program Files (x86)/Epic Games/4.14/Engine/Plugins/Experimental/SignificanceManager/SignificanceManager.uplugin
LogPluginManager: Loaded Plugin SimpleHMD, From C:/Program Files (x86)/Epic Games/4.14/Engine/Plugins/Experimental/SimpleHMD/SimpleHMD.uplugin
LogPluginManager: Loaded Plugin StereoPanorama, From C:/Program Files (x86)/Epic Games/4.14/Engine/Plugins/Experimental/StereoPanorama/StereoPanorama.uplugin
LogPluginManager: Loaded Plugin StructBox, From C:/Program Files (x86)/Epic Games/4.14/Engine/Plugins/Experimental/StructBox/StructBox.uplugin
LogPluginManager: Loaded Plugin AndroidMedia, From C:/Program Files (x86)/Epic Games/4.14/Engine/Plugins/Media/AndroidMedia/AndroidMedia.uplugin
LogPluginManager: Loaded Plugin AvfMedia, From C:/Program Files (x86)/Epic Games/4.14/Engine/Plugins/Media/AvfMedia/AvfMedia.uplugin
LogPluginManager: Loaded Plugin MediaPlayerEditor, From C:/Program Files (x86)/Epic Games/4.14/Engine/Plugins/Media/MediaPlayerEditor/MediaPlayerEditor.uplugin
LogPluginManager: Loaded Plugin WmfMedia, From C:/Program Files (x86)/Epic Games/4.14/Engine/Plugins/Media/WmfMedia/WmfMedia.uplugin
LogPluginManager: Loaded Plugin MessagingDebugger, From C:/Program Files (x86)/Epic Games/4.14/Engine/Plugins/Messaging/MessagingDebugger/MessagingDebugger.uplugin
LogPluginManager: Loaded Plugin TcpMessaging, From C:/Program Files (x86)/Epic Games/4.14/Engine/Plugins/Messaging/TcpMessaging/TcpMessaging.uplugin
LogPluginManager: Loaded Plugin UdpMessaging, From C:/Program Files (x86)/Epic Games/4.14/Engine/Plugins/Messaging/UdpMessaging/UdpMessaging.uplugin
LogPluginManager: Loaded Plugin LevelSequenceEditor, From C:/Program Files (x86)/Epic Games/4.14/Engine/Plugins/MovieScene/LevelSequenceEditor/LevelSequenceEditor.uplugin
LogPluginManager: Loaded Plugin MatineeToLevelSequence, From C:/Program Files (x86)/Epic Games/4.14/Engine/Plugins/MovieScene/MatineeToLevelSequence/MatineeToLevelSequence.uplugin
LogPluginManager: Loaded Plugin NetcodeUnitTest, From C:/Program Files (x86)/Epic Games/4.14/Engine/Plugins/NetcodeUnitTest/NetcodeUnitTest/NetcodeUnitTest.uplugin
LogPluginManager: Loaded Plugin NUTUnrealEngine4, From C:/Program Files (x86)/Epic Games/4.14/Engine/Plugins/NetcodeUnitTest/NUTUnrealEngine4/NUTUnrealEngine4.uplugin
LogPluginManager: Loaded Plugin OnlineSubsystemGameCircle, From C:/Program Files (x86)/Epic Games/4.14/Engine/Plugins/Online/Android/OnlineSubsystemGameCircle/OnlineSubsystemGameCircle.uplugin
LogPluginManager: Loaded Plugin OnlineSubsystemGooglePlay, From C:/Program Files (x86)/Epic Games/4.14/Engine/Plugins/Online/Android/OnlineSubsystemGooglePlay/OnlineSubsystemGooglePlay.uplugin
LogPluginManager: Loaded Plugin OnlineSubsystemIOS, From C:/Program Files (x86)/Epic Games/4.14/Engine/Plugins/Online/IOS/OnlineSubsystemIOS/OnlineSubsystemIOS.uplugin
LogPluginManager: Loaded Plugin OnlineFramework, From C:/Program Files (x86)/Epic Games/4.14/Engine/Plugins/Online/OnlineFramework/OnlineFramework.uplugin
LogPluginManager: Loaded Plugin OnlineSubsystem, From C:/Program Files (x86)/Epic Games/4.14/Engine/Plugins/Online/OnlineSubsystem/OnlineSubsystem.uplugin
LogPluginManager: Loaded Plugin OnlineSubsystemAmazon, From C:/Program Files (x86)/Epic Games/4.14/Engine/Plugins/Online/OnlineSubsystemAmazon/OnlineSubsystemAmazon.uplugin
LogPluginManager: Loaded Plugin OnlineSubsystemFacebook, From C:/Program Files (x86)/Epic Games/4.14/Engine/Plugins/Online/OnlineSubsystemFacebook/OnlineSubsystemFacebook.uplugin
LogPluginManager: Loaded Plugin OnlineSubsystemNull, From C:/Program Files (x86)/Epic Games/4.14/Engine/Plugins/Online/OnlineSubsystemNull/OnlineSubsystemNull.uplugin
LogPluginManager: Loaded Plugin OnlineSubsystemOculus, From C:/Program Files (x86)/Epic Games/4.14/Engine/Plugins/Online/OnlineSubsystemOculus/OnlineSubsystemOculus.uplugin
LogPluginManager: Loaded Plugin OnlineSubsystemSteam, From C:/Program Files (x86)/Epic Games/4.14/Engine/Plugins/Online/OnlineSubsystemSteam/OnlineSubsystemSteam.uplugin
LogPluginManager: Loaded Plugin OnlineSubsystemUtils, From C:/Program Files (x86)/Epic Games/4.14/Engine/Plugins/Online/OnlineSubsystemUtils/OnlineSubsystemUtils.uplugin
LogPluginManager: Loaded Plugin IOSTapJoy, From C:/Program Files (x86)/Epic Games/4.14/Engine/Plugins/Runtime/Advertising/IOSTapJoy/IOSTapJoy.uplugin
LogPluginManager: Loaded Plugin AnalyticsBlueprintLibrary, From C:/Program Files (x86)/Epic Games/4.14/Engine/Plugins/Runtime/Analytics/AnalyticsBlueprintLibrary/AnalyticsBlueprintLibrary.uplugin
LogPluginManager: Loaded Plugin AnalyticsMulticast, From C:/Program Files (x86)/Epic Games/4.14/Engine/Plugins/Runtime/Analytics/AnalyticsMulticast/AnalyticsMulticast.uplugin
LogPluginManager: Loaded Plugin Apsalar, From C:/Program Files (x86)/Epic Games/4.14/Engine/Plugins/Runtime/Analytics/Apsalar/Apsalar.uplugin
LogPluginManager: Loaded Plugin FileLogging, From C:/Program Files (x86)/Epic Games/4.14/Engine/Plugins/Runtime/Analytics/FileLogging/FileLogging.uplugin
LogPluginManager: Loaded Plugin Flurry, From C:/Program Files (x86)/Epic Games/4.14/Engine/Plugins/Runtime/Analytics/Flurry/Flurry.uplugin
LogPluginManager: Loaded Plugin AndroidDeviceProfileSelector, From C:/Program Files (x86)/Epic Games/4.14/Engine/Plugins/Runtime/AndroidDeviceProfileSelector/AndroidDeviceProfileSelector.uplugin
LogPluginManager: Loaded Plugin AndroidMoviePlayer, From C:/Program Files (x86)/Epic Games/4.14/Engine/Plugins/Runtime/AndroidMoviePlayer/AndroidMoviePlayer.uplugin
LogPluginManager: Loaded Plugin AppleMoviePlayer, From C:/Program Files (x86)/Epic Games/4.14/Engine/Plugins/Runtime/AppleMoviePlayer/AppleMoviePlayer.uplugin
LogPluginManager: Loaded Plugin ArchVisCharacter, From C:/Program Files (x86)/Epic Games/4.14/Engine/Plugins/Runtime/ArchVisCharacter/ArchVisCharacter.uplugin
LogPluginManager: Loaded Plugin CableComponent, From C:/Program Files (x86)/Epic Games/4.14/Engine/Plugins/Runtime/CableComponent/CableComponent.uplugin
LogPluginManager: Loaded Plugin CustomMeshComponent, From C:/Program Files (x86)/Epic Games/4.14/Engine/Plugins/Runtime/CustomMeshComponent/CustomMeshComponent.uplugin
LogPluginManager: Loaded Plugin ExampleDeviceProfileSelector, From C:/Program Files (x86)/Epic Games/4.14/Engine/Plugins/Runtime/ExampleDeviceProfileSelector/ExampleDeviceProfileSelector.uplugin
LogPluginManager: Loaded Plugin GearVR, From C:/Program Files (x86)/Epic Games/4.14/Engine/Plugins/Runtime/GearVR/GearVR.uplugin
LogPluginManager: Loaded Plugin GoogleVRController, From C:/Program Files (x86)/Epic Games/4.14/Engine/Plugins/Runtime/GoogleVR/GoogleVRController/GoogleVRController.uplugin
LogPluginManager: Loaded Plugin GoogleVRHMD, From C:/Program Files (x86)/Epic Games/4.14/Engine/Plugins/Runtime/GoogleVR/GoogleVRHMD/GoogleVRHMD.uplugin
LogPluginManager: Loaded Plugin IOSDeviceProfileSelector, From C:/Program Files (x86)/Epic Games/4.14/Engine/Plugins/Runtime/IOSDeviceProfileSelector/IOSDeviceProfileSelector.uplugin
LogPluginManager: Loaded Plugin LeapMotion, From C:/Program Files (x86)/Epic Games/4.14/Engine/Plugins/Runtime/LeapMotion/LeapMotion.uplugin
LogPluginManager: Loaded Plugin LinuxDeviceProfileSelector, From C:/Program Files (x86)/Epic Games/4.14/Engine/Plugins/Runtime/LinuxDeviceProfileSelector/LinuxDeviceProfileSelector.uplugin
LogPluginManager: Loaded Plugin MIDIDevice, From C:/Program Files (x86)/Epic Games/4.14/Engine/Plugins/Runtime/MIDIDevice/MIDIDevice.uplugin
LogPluginManager: Loaded Plugin MobilePatchingUtils, From C:/Program Files (x86)/Epic Games/4.14/Engine/Plugins/Runtime/MobilePatchingUtils/MobilePatchingUtils.uplugin
LogPluginManager: Loaded Plugin Ansel, From C:/Program Files (x86)/Epic Games/4.14/Engine/Plugins/Runtime/Nvidia/Ansel/Ansel.uplugin
LogPluginManager: Loaded Plugin OculusAudio, From C:/Program Files (x86)/Epic Games/4.14/Engine/Plugins/Runtime/OculusAudio/OculusAudio.uplugin
LogPluginManager: Loaded Plugin OculusInput, From C:/Program Files (x86)/Epic Games/4.14/Engine/Plugins/Runtime/OculusInput/OculusInput.uplugin
LogPluginManager: Loaded Plugin OculusLibrary, From C:/Program Files (x86)/Epic Games/4.14/Engine/Plugins/Runtime/OculusLibrary/OculusLibrary.uplugin
LogPluginManager: Loaded Plugin OculusRift, From C:/Program Files (x86)/Epic Games/4.14/Engine/Plugins/Runtime/OculusRift/OculusRift.uplugin
LogPluginManager: Loaded Plugin Oodle, From C:/Program Files (x86)/Epic Games/4.14/Engine/Plugins/Runtime/PacketHandlers/CompressionComponents/Oodle/Oodle.uplugin
LogPluginManager: Loaded Plugin ProceduralMeshComponent, From C:/Program Files (x86)/Epic Games/4.14/Engine/Plugins/Runtime/ProceduralMeshComponent/ProceduralMeshComponent.uplugin
LogPluginManager: Loaded Plugin SoundMod, From C:/Program Files (x86)/Epic Games/4.14/Engine/Plugins/Runtime/SoundMod/SoundMod.uplugin
LogPluginManager: Loaded Plugin SoundVisualizations, From C:/Program Files (x86)/Epic Games/4.14/Engine/Plugins/Runtime/SoundVisualizations/SoundVisualizations.uplugin
LogPluginManager: Loaded Plugin SteamController, From C:/Program Files (x86)/Epic Games/4.14/Engine/Plugins/Runtime/Steam/SteamController/SteamController.uplugin
LogPluginManager: Loaded Plugin SteamVR, From C:/Program Files (x86)/Epic Games/4.14/Engine/Plugins/Runtime/Steam/SteamVR/SteamVR.uplugin
LogPluginManager: Loaded Plugin WebBrowserWidget, From C:/Program Files (x86)/Epic Games/4.14/Engine/Plugins/Runtime/WebBrowserWidget/WebBrowserWidget.uplugin
LogPluginManager: Loaded Plugin WindowsDeviceProfileSelector, From C:/Program Files (x86)/Epic Games/4.14/Engine/Plugins/Runtime/WindowsDeviceProfileSelector/WindowsDeviceProfileSelector.uplugin
LogPluginManager: Loaded Plugin WindowsMoviePlayer, From C:/Program Files (x86)/Epic Games/4.14/Engine/Plugins/Runtime/WindowsMoviePlayer/WindowsMoviePlayer.uplugin
LogPluginManager: Loaded Plugin ScriptPlugin, From C:/Program Files (x86)/Epic Games/4.14/Engine/Plugins/ScriptPlugin/ScriptPlugin.uplugin
LogPluginManager: Loaded Plugin SlateRemote, From C:/Program Files (x86)/Epic Games/4.14/Engine/Plugins/Slate/SlateRemote/SlateRemote.uplugin
LogPluginManager: Loaded Plugin EditorTests, From C:/Program Files (x86)/Epic Games/4.14/Engine/Plugins/Tests/EditorTests/EditorTests.uplugin
LogPluginManager: Loaded Plugin FbxAutomationTestBuilder, From C:/Program Files (x86)/Epic Games/4.14/Engine/Plugins/Tests/FbxAutomationTestBuilder/FbxAutomationTestBuilder.uplugin
LogPluginManager: Loaded Plugin FunctionalTestingEditor, From C:/Program Files (x86)/Epic Games/4.14/Engine/Plugins/Tests/FunctionalTestingEditor/FunctionalTestingEditor.uplugin
LogPluginManager: Loaded Plugin RuntimeTests, From C:/Program Files (x86)/Epic Games/4.14/Engine/Plugins/Tests/RuntimeTests/RuntimeTests.uplugin
LogPluginManager: Loaded Plugin ScreenshotTools, From C:/Program Files (x86)/Epic Games/4.14/Engine/Plugins/Tests/ScreenshotTools/ScreenshotTools.uplugin
LogInit: Using libcurl 7.47.1
LogInit:  - built for x86_64-pc-win32
LogInit:  - supports SSL with OpenSSL/1.0.2g
LogInit:  - supports HTTP deflate (compression) using libz 1.2.8
LogInit:  - other features:
LogInit:      CURL_VERSION_SSL
LogInit:      CURL_VERSION_LIBZ
LogInit:      CURL_VERSION_IPV6
LogInit:      CURL_VERSION_ASYNCHDNS
LogInit:      CURL_VERSION_LARGEFILE
LogInit:      CURL_VERSION_IDN
LogInit:  CurlRequestOptions (configurable via config and command line):
LogInit:  - bVerifyPeer = false  - Libcurl will NOT verify peer certificate
LogInit:  - bUseHttpProxy = false  - Libcurl will NOT use HTTP proxy
LogInit:  - bDontReuseConnections = false  - Libcurl will reuse connections
LogInit:  - CertBundlePath = nullptr  - Libcurl will use whatever was configured at build time.
LogInit: Build: ++UE4+Release-4.14-CL-3249277
LogInit: Engine Version: 4.14.3-3249277+++UE4+Release-4.14
LogInit: Compatible Engine Version: 4.14.0-3195953+++UE4+Release-4.14
LogInit: Net CL: 3195953
LogDevObjectVersion: Number of dev versions registered: 13
LogDevObjectVersion:   Dev-Blueprints (B0D832E4-1F89-4F0D-ACCF-7EB736FD4AA2): 7
LogDevObjectVersion:   Dev-Build (E1C64328-A22C-4D53-A36C-8E866417BD8C): 0
LogDevObjectVersion:   Dev-Core (375EC13C-06E4-48FB-B500-84F0262A717E): 1
LogDevObjectVersion:   Dev-Editor (E4B068ED-F494-42E9-A231-DA0B2E46BB41): 8
LogDevObjectVersion:   Dev-Framework (CFFC743F-43B0-4480-9391-14DF171D2073): 17
LogDevObjectVersion:   Dev-Mobile (B02B49B5-BB20-44E9-A304-32B752E40360): 0
LogDevObjectVersion:   Dev-Networking (A4E4105C-59A1-49B5-A7C5-40C4547EDFEE): 0
LogDevObjectVersion:   Dev-Online (39C831C9-5AE6-47DC-9A44-9C173E1C8E7C): 0
LogDevObjectVersion:   Dev-Physics (78F01B33-EBEA-4F98-B9B4-84EACCB95AA2): 0
LogDevObjectVersion:   Dev-Platform (6631380F-2D4D-43E0-8009-CF276956A95A): 0
LogDevObjectVersion:   Dev-Rendering (12F88B9F-8875-4AFC-A67C-D90C383ABD29): 12
LogDevObjectVersion:   Dev-Sequencer (7B5AE74C-D270-4C10-A958-57980B212A5A): 1
LogDevObjectVersion:   Dev-VR (D7296918-1DD6-4BDD-9DE2-64A83CC13884): 0
LogInit: Compiled (64-bit): Jan  6 2017 10:49:43
LogInit: Compiled with Visual C++: 19.00.23026.00
LogInit: Build Configuration: Development
LogInit: Branch Name: ++UE4+Release-4.14
LogInit: Command line: -EpicPortal
LogInit: Base directory: C:/Program Files (x86)/Epic Games/4.14/Engine/Binaries/Win64/
LogInit: Installed Engine Build: 1
LogInit: Presizing for max 8388607 objects, including 0 objects not considered by GC, pre-allocating 0 bytes for permanent pool.
LogInit: Object subsystem initialized
[2017.02.15-21.27.36:610][  0]LogInit: Selected Device Profile: [Windows]
[2017.02.15-21.27.36:610][  0]LogInit: Applying CVar settings loaded from the selected device profile: [Windows]
[2017.02.15-21.27.36:671][  0]LogInit: Computer: DANNY
[2017.02.15-21.27.36:671][  0]LogInit: User: danny
[2017.02.15-21.27.36:671][  0]LogInit: CPU Page size=65536, Cores=4
[2017.02.15-21.27.36:671][  0]LogInit: High frequency timer resolution =2.436856 MHz
[2017.02.15-21.27.36:672][  0]LogMemory: Memory total: Physical=7.2GB (8GB approx)
[2017.02.15-21.27.36:672][  0]LogMemory: Platform Memory Stats for Windows
[2017.02.15-21.27.36:672][  0]LogMemory: Process Physical Memory: 264.43 MB used, 264.43 MB peak
[2017.02.15-21.27.36:672][  0]LogMemory: Process Virtual Memory: 262.68 MB used, 262.68 MB peak
[2017.02.15-21.27.36:672][  0]LogMemory: Physical Memory: 5141.74 MB used,  2244.52 MB free, 7386.26 MB total
[2017.02.15-21.27.36:672][  0]LogMemory: Virtual Memory: 675.53 MB used,  2244.52 MB free, 134217728.00 MB total
[2017.02.15-21.27.36:707][  0]LogTextLocalizationManager: No specific translations for ('en-IE') exist, so ('en') translations will be used.
[2017.02.15-21.27.40:769][  0]LogD3D11RHI: D3D11 adapters:
[2017.02.15-21.27.40:792][  0]LogD3D11RHI:    0. 'AMD Radeon HD 8650G + HD 8750M Dual Graphics' (Feature Level 11_0)
[2017.02.15-21.27.40:792][  0]LogD3D11RHI:       2763/0/3456 MB DedicatedVideo/DedicatedSystem/SharedSystem, Outputs:1, VendorId:0x1002
[2017.02.15-21.27.40:795][  0]LogD3D11RHI:    1. 'Microsoft Basic Render Driver' (Feature Level 11_0)
[2017.02.15-21.27.40:795][  0]LogD3D11RHI:       0/0/3693 MB DedicatedVideo/DedicatedSystem/SharedSystem, Outputs:0, VendorId:0x1414
[2017.02.15-21.27.40:795][  0]LogD3D11RHI: Chosen D3D11 Adapter: 0
[2017.02.15-21.27.40:806][  0]LogD3D11RHI: Creating new Direct3DDevice
[2017.02.15-21.27.40:806][  0]LogD3D11RHI:     GPU DeviceId: 0x990b (for the marketing name, search the web for "GPU Device Id")
[2017.02.15-21.27.40:806][  0]LogWindows: EnumDisplayDevices:
[2017.02.15-21.27.40:806][  0]LogWindows:    0. 'AMD Radeon HD 8650G + HD 8750M Dual Graphics' (P:1 D:1)
[2017.02.15-21.27.40:807][  0]LogWindows:    1. 'AMD Radeon HD 8650G + HD 8750M Dual Graphics' (P:0 D:0)
[2017.02.15-21.27.40:808][  0]LogWindows:    2. 'AMD Radeon HD 8650G + HD 8750M Dual Graphics' (P:0 D:0)
[2017.02.15-21.27.40:808][  0]LogWindows:    3. 'AMD Radeon HD 8650G + HD 8750M Dual Graphics' (P:0 D:0)
[2017.02.15-21.27.40:809][  0]LogWindows: DebugString: PrimaryIsNotTheChoosenAdapter PrimaryIsNotTheChoosenAdapter PrimaryIsNotTheChoosenAdapter PrimaryIsNotTheChoosenAdapter FoundDriverCount:0 
[2017.02.15-21.27.40:809][  0]LogD3D11RHI:     Adapter Name: AMD Radeon HD 8650G + HD 8750M Dual Graphics
[2017.02.15-21.27.40:809][  0]LogD3D11RHI:   Driver Version: Unknown (internal:Unknown, unified:Unknown)
[2017.02.15-21.27.40:809][  0]LogD3D11RHI:      Driver Date: Unknown
[2017.02.15-21.27.40:809][  0]LogRHI: Texture pool is 1361 MB (70% of 1945 MB)
[2017.02.15-21.27.40:826][  0]LogD3D11RHI: Async texture creation enabled
[2017.02.15-21.27.40:841][  0]LogD3D11RHI: GPU Timing Frequency: 50.000000 (Debug: 2 1)
[2017.02.15-21.27.40:842][  0]LogShaderCompilers: Guid format shader working directory is -35 characters bigger than the processId version (../../../../../../Users/danny/Documents/Unreal Projects/New folder/DungeonCrawler/Intermediate/Shaders/WorkingDirectory/8080/).
[2017.02.15-21.27.40:843][  0]LogShaderCompilers: Cleaned the shader compiler working directory 'C:/Users/danny/AppData/Local/Temp/UnrealShaderWorkingDir/C6D5642D46BF083A79BA14805A438C52/'.
[2017.02.15-21.27.40:843][  0]LogShaderCompilers:Display: Using Local Shader Compiler.
[2017.02.15-21.27.45:794][  0]LogTemp:Display: Loaded TP AllDesktopTargetPlatform
[2017.02.15-21.27.45:992][  0]LogTemp:Display: Loaded TP MacClientTargetPlatform
[2017.02.15-21.27.46:198][  0]LogTemp:Display: Loaded TP MacNoEditorTargetPlatform
[2017.02.15-21.27.46:387][  0]LogTemp:Display: Loaded TP MacServerTargetPlatform
[2017.02.15-21.27.46:559][  0]LogTemp:Display: Loaded TP MacTargetPlatform
[2017.02.15-21.27.46:717][  0]LogTemp:Display: Loaded TP WindowsClientTargetPlatform
[2017.02.15-21.27.46:890][  0]LogTemp:Display: Loaded TP WindowsNoEditorTargetPlatform
[2017.02.15-21.27.47:042][  0]LogTemp:Display: Loaded TP WindowsServerTargetPlatform
[2017.02.15-21.27.47:159][  0]LogTemp:Display: Loaded TP WindowsTargetPlatform
[2017.02.15-21.27.47:306][  0]LogTemp:Display: Loaded TP AndroidTargetPlatform
[2017.02.15-21.27.47:447][  0]LogTemp:Display: Loaded TP Android_ASTCTargetPlatform
[2017.02.15-21.27.47:590][  0]LogTemp:Display: Loaded TP Android_ATCTargetPlatform
[2017.02.15-21.27.47:737][  0]LogTemp:Display: Loaded TP Android_DXTTargetPlatform
[2017.02.15-21.27.47:891][  0]LogTemp:Display: Loaded TP Android_ETC1TargetPlatform
[2017.02.15-21.27.48:051][  0]LogTemp:Display: Loaded TP Android_ETC2TargetPlatform
[2017.02.15-21.27.48:334][  0]LogTemp:Display: Loaded TP Android_MultiTargetPlatform
[2017.02.15-21.27.48:335][  0]LogTemp:Display: Loaded TP Android_PVRTCTargetPlatform
[2017.02.15-21.27.48:438][  0]LogTemp:Display: Loaded TP HTML5TargetPlatform
[2017.02.15-21.27.48:659][  0]LogTemp:Display: Loaded TP IOSTargetPlatform
[2017.02.15-21.27.48:750][  0]LogTemp:Display: Loaded TP TVOSTargetPlatform
[2017.02.15-21.27.48:888][  0]LogTemp:Display: Loaded TP LinuxClientTargetPlatform
[2017.02.15-21.27.49:038][  0]LogTemp:Display: Loaded TP LinuxNoEditorTargetPlatform
[2017.02.15-21.27.49:176][  0]LogTemp:Display: Loaded TP LinuxServerTargetPlatform
[2017.02.15-21.27.49:322][  0]LogTemp:Display: Loaded TP LinuxTargetPlatform
[2017.02.15-21.27.49:322][  0]LogTargetPlatformManager:Display: Building Assets For Windows
[2017.02.15-21.27.50:587][  0]LogDerivedDataCache:Display: Max Cache Size: 512 MB
[2017.02.15-21.27.50:721][  0]LogDerivedDataCache: Loaded boot cache 0.13s 50MB C:/Users/danny/AppData/Local/UnrealEngine/4.14/DerivedDataCache/Boot.ddc.
[2017.02.15-21.27.50:721][  0]LogDerivedDataCache:Display: Loaded Boot cache: C:/Users/danny/AppData/Local/UnrealEngine/4.14/DerivedDataCache/Boot.ddc
[2017.02.15-21.27.50:721][  0]LogDerivedDataCache: FDerivedDataBackendGraph:  Pak pak cache file ../../../../../../Users/danny/Documents/Unreal Projects/New folder/DungeonCrawler/DerivedDataCache/DDC.ddp not found, will not use a pak cache.
[2017.02.15-21.27.50:721][  0]LogDerivedDataCache: Unable to find inner node Pak for hierarchical cache Hierarchy.
[2017.02.15-21.27.50:721][  0]LogDerivedDataCache: FDerivedDataBackendGraph:  CompressedPak pak cache file ../../../../../../Users/danny/Documents/Unreal Projects/New folder/DungeonCrawler/DerivedDataCache/Compressed.ddp not found, will not use a pak cache.
[2017.02.15-21.27.50:721][  0]LogDerivedDataCache: Unable to find inner node CompressedPak for hierarchical cache Hierarchy.
[2017.02.15-21.27.50:759][  0]LogDerivedDataCache:Display: Pak cache opened for reading ../../../Engine/DerivedDataCache/Compressed.ddp.
[2017.02.15-21.27.50:773][  0]LogDerivedDataCache: Using Local data cache path C:/Users/danny/AppData/Local/UnrealEngine/Common/DerivedDataCache: Writable
[2017.02.15-21.27.51:266][  0]LogInit: Selected Device Profile: [Windows]
[2017.02.15-21.27.51:274][  0]LogContentStreaming: Texture pool size is 0.00 MB
[2017.02.15-21.27.51:771][  0]LogMeshUtilities: Using QuadricMeshReduction for automatic static mesh reduction
[2017.02.15-21.27.51:904][  0]LogSimplygon: Simplygon DLL not present - disabling.
[2017.02.15-21.27.52:035][  0]LogMeshUtilities: Using SimplygonSwarm for distributed automatic mesh merging
[2017.02.15-21.27.52:035][  0]LogMeshUtilities: No automatic skeletal mesh reduction module available
[2017.02.15-21.27.52:035][  0]LogMeshUtilities: No automatic mesh merging module available
[2017.02.15-21.27.53:257][  0]LogNetVersion: GetLocalNetworkVersion: CL: 3195953, ProjectName: dungeoncrawler, ProjectVersion: , EngineNetworkVersion: 2, GameNetworkVersion: 0, NetworkChecksum: 297884210
[2017.02.15-21.27.53:374][  0]LogAssetRegistry: FAssetRegistry took 0.0226 seconds to start up
[2017.02.15-21.27.53:512][  0]LogPackageLocalizationCache: Processed 3 localized package path(s) for 2 prioritized culture(s) in 0.062795 seconds
[2017.02.15-21.27.53:527][  0]LogUObjectArray: 31946 objects as part of root set at end of initial load.
[2017.02.15-21.27.53:527][  0]LogUObjectAllocator: 6935840 out of 0 bytes used by permanent object pool.
[2017.02.15-21.27.53:527][  0]LogUObjectArray: CloseDisregardForGC: 0/0 objects in disregard for GC pool
[2017.02.15-21.27.53:794][  0]LogInit: WinSock: version 1.1 (2.2), MaxSocks=32767, MaxUdp=65467
[2017.02.15-21.27.56:169][  0]LogSlate: Using Freetype 2.6.0
[2017.02.15-21.27.56:170][  0]LogSlate: SlateFontCache - WITH_FREETYPE: 1, WITH_HARFBUZZ: 1
[2017.02.15-21.27.56:170][  0]LogSlate: SlateFontCache - WITH_FREETYPE: 1, WITH_HARFBUZZ: 1
[2017.02.15-21.28.12:824][  0]LogTcpMessaging: Initializing TcpMessaging bridge
[2017.02.15-21.28.12:917][  0]LogUdpMessaging: Initializing bridge on interface 0.0.0.0:0 to multicast group 230.0.0.1:6666.
[2017.02.15-21.28.13:867][  0]LogMaterial: Uniform references updated for custom material expression Custom.
[2017.02.15-21.28.14:895][  0]SourceControl: Info Source control is disabled
[2017.02.15-21.28.15:024][  0]SourceControl: Info Source control is disabled
[2017.02.15-21.28.15:155][  0]SourceControl: Info Source control is disabled
[2017.02.15-21.28.15:278][  0]SourceControl: Info Source control is disabled
[2017.02.15-21.28.18:902][  0]LogEngine: Initializing Engine...
[2017.02.15-21.28.18:903][  0]LogHMD: Failed to initialize OpenVR with code 110
[2017.02.15-21.28.19:456][  0]LogAIModule: Creating AISystem for world Untitled
[2017.02.15-21.28.19:473][  0]LogInit: XAudio2 using 'Speakers / HP (IDT High Definition Audio CODEC)' : 2 channels at 48 kHz using 16 bits per sample (channel mask 0x3)
[2017.02.15-21.28.19:509][  0]LogInit: FAudioDevice initialized.
[2017.02.15-21.28.19:577][  0]LogDerivedDataCache: Saved boot cache 0.07s 50MB C:/Users/danny/AppData/Local/UnrealEngine/4.14/DerivedDataCache/Boot.ddc.
[2017.02.15-21.28.19:602][  0]LogInit: Texture streaming: Enabled
[2017.02.15-21.28.20:145][  0]LogInit: Transaction tracking system initialized
[2017.02.15-21.28.21:108][  0]BlueprintLog: New page: Editor Load
[2017.02.15-21.28.23:585][  0]LocalizationService: Info Localization service is disabled
[2017.02.15-21.28.25:502][  0]LogConsoleResponse:Display: 
[2017.02.15-21.28.26:064][  0]LogCook:Display: Max memory allowance for cook 16384mb min free memory 0mb
[2017.02.15-21.28.26:064][  0]LogCook:Display: Mobile HDR setting 1
[2017.02.15-21.28.26:194][  0]LogFileCache: Scanning file cache for directory 'C:/Users/danny/Documents/Unreal Projects/New folder/DungeonCrawler/Content/' took 0.03s
[2017.02.15-21.28.28:561][  0]SourceControl: Info Source control is disabled
[2017.02.15-21.28.28:561][  0]Cmd: MAP LOAD FILE="../../../../../../Users/danny/Documents/Unreal Projects/New folder/DungeonCrawler/Content/PrototypeMap.umap" TEMPLATE=0 SHOWPROGRESS=1 FEATURELEVEL=3
[2017.02.15-21.28.28:562][  0]LightingResults: New page: Lighting Build
[2017.02.15-21.28.28:655][  0]MapCheck: New page: Map Check
[2017.02.15-21.28.28:656][  0]LightingResults: New page: Lighting Build
[2017.02.15-21.28.29:335][  0]LogAIModule: Creating AISystem for world PrototypeMap
[2017.02.15-21.28.29:574][  0]LogEditorServer: Finished looking for orphan Actors (0.000 secs)
[2017.02.15-21.28.29:575][  0]Cmd: MAP CHECKDEP NOCLEARLOG
[2017.02.15-21.28.29:673][  0]MapCheck: Info Map check complete: 0 Error(s), 0 Warning(s), took 97.499ms to complete.
[2017.02.15-21.28.29:673][  0]LogFileHelpers: Loading map 'PrototypeMap' took 1.112
[2017.02.15-21.28.29:730][  0]LogWindowsTextInputMethodSystem:Display: IME system now deactivated.
[2017.02.15-21.28.29:854][  0]LogCollectionManager: Loaded 0 collections in 0.004794 seconds
[2017.02.15-21.28.29:985][  0]LogFileCache: Scanning file cache for directory 'C:/Users/danny/Documents/Unreal Projects/New folder/DungeonCrawler/Saved/Collections/' took 0.01s
[2017.02.15-21.28.29:985][  0]LogFileCache: Scanning file cache for directory 'C:/Users/danny/Documents/Unreal Projects/New folder/DungeonCrawler/Content/Developers/danny/Collections/' took 0.01s
[2017.02.15-21.28.29:985][  0]LogFileCache: Scanning file cache for directory 'C:/Users/danny/Documents/Unreal Projects/New folder/DungeonCrawler/Content/Collections/' took 0.01s
[2017.02.15-21.28.29:985][  0]LogCollectionManager: Rebuilt the GUID cache for 0 collections in 0.000003 seconds
[2017.02.15-21.28.30:007][  0]LogContentBrowser: Native class hierarchy populated in 0.0215 seconds. Added 2191 classes and 430 folders.
[2017.02.15-21.28.30:099][  0]LogStats: UGameplayTagsManager::ConstructGameplayTagTree: Construct from data asset -  0.000 s
[2017.02.15-21.28.30:099][  0]LogStats: UGameplayTagsManager::ConstructGameplayTagTree: GameplayTagTreeChangedEvent.Broadcast -  0.000 s
[2017.02.15-21.28.30:102][  0]LogContentBrowser: Native class hierarchy updated for 'GameplayTags' in 0.0029 seconds. Added 13 classes and 0 folders.
[2017.02.15-21.28.30:243][  0]LogContentBrowser: Native class hierarchy updated for 'WidgetCarousel' in 0.0026 seconds. Added 0 classes and 0 folders.
[2017.02.15-21.28.31:192][  0]LogContentBrowser: Native class hierarchy updated for 'AddContentDialog' in 0.0031 seconds. Added 0 classes and 0 folders.
[2017.02.15-21.28.31:339][  0]LogCrashTracker: Crashtracker disabled due to settings.
[2017.02.15-21.28.31:347][  0]LogUObjectGlobals:Warning: Failed to find object 'Class None.'
[2017.02.15-21.28.31:467][  0]LogContentBrowser: Native class hierarchy updated for 'HierarchicalLODOutliner' in 0.0029 seconds. Added 1 classes and 2 folders.
[2017.02.15-21.28.31:467][  0]LogLoad: (Engine Initialization) Total time: 59.09 seconds
[2017.02.15-21.28.31:467][  0]LogLoad: (Engine Initialization) Total Blueprint compile time: 0.28 seconds
[2017.02.15-21.28.31:467][  0]LogExternalProfiler: Found external profiler: VSPerf
[2017.02.15-21.28.31:467][  0]LogExternalProfiler: Using external profiler: VSPerf
[2017.02.15-21.28.31:477][  0]LogOcInput: OculusInput pre-init called
[2017.02.15-21.28.31:499][  0]LogContentStreaming: Texture pool size now 400 MB
[2017.02.15-21.28.31:810][  2]LogRenderer: Reallocating scene render targets to support 1344x664 NumSamples 1 (Frame:2).
[2017.02.15-21.28.32:064][  2]LogAssetRegistry: Asset discovery search completed in 38.7132 seconds
[2017.02.15-21.28.32:065][  2]LogCollectionManager: Rebuilt the object cache for 0 collections in 0.000000 seconds (found 0 objects)
[2017.02.15-21.28.32:065][  2]LogCollectionManager: Fixed up redirectors for 0 collections in 0.000127 seconds (updated 0 objects)
[2017.02.15-21.28.33:386][ 49]LogEditorViewport: Clicking on Actor (LMB): StaticMeshActor (SM_AssetPlatform)
[2017.02.15-21.28.42:796][402]LogEditorViewport: Clicking on Actor (LMB): StaticMeshActor (SM_AssetPlatform)
[2017.02.15-21.28.43:902][431]Cmd: DELETE
[2017.02.15-21.28.43:903][431]Cmd: ACTOR DELETE
[2017.02.15-21.28.43:913][431]LogEditorActor: Deleted Actor: StaticMeshActor
[2017.02.15-21.28.43:969][431]LogEditorActor: Deleted 1 Actors (0.066 secs)
[2017.02.15-21.28.46:558][501]LogEditorViewport: Clicking on Actor (LMB): StaticMeshActor (Floor)
[2017.02.15-21.30.02:471][863]LogEditorViewport: Clicking on Actor (LMB): StaticMeshActor (SM_Door)
[2017.02.15-21.30.19:096][371]LogHotReload: New module detected: UE4Editor-DungeonCrawler-4193.dll
[2017.02.15-21.30.22:341][481]LogHotReload: Starting Hot-Reload from IDE
[2017.02.15-21.30.22:341][481]LogSlate:Warning: Prevented a slow task dialog from being summoned while a context menu was open
[2017.02.15-21.30.22:571][481]LogContentBrowser: Native class hierarchy updated for 'DungeonCrawler' in 0.0043 seconds. Added 1 classes and 2 folders.
[2017.02.15-21.30.22:576][481]Display: HotReload successful (0 functions remapped  0 scriptstructs remapped)
[2017.02.15-21.30.22:686][481]LogContentBrowser: Native class hierarchy populated in 0.0216 seconds. Added 2192 classes and 432 folders.
[2017.02.15-21.30.22:691][481]Display: HotReload took  0.4s.
[2017.02.15-21.30.22:697][481]MapCheck: New page: Map Check
[2017.02.15-21.30.22:733][481]LightingResults: New page: Lighting Build - 15 Feb 2017 21:30:22
[2017.02.15-21.30.22:813][481]LogSwarmInterface: [OpenConnection] Registering TCP channel ...
[2017.02.15-21.30.22:914][481]LogSwarmInterface: [OpenConnection] Connecting to agent ...
[2017.02.15-21.30.22:932][481]LogSwarmInterface: [TryOpenConnection] Testing the Agent
[2017.02.15-21.30.23:949][481]LogSwarmInterface: [TryOpenConnection] Opening Connection to Agent
[2017.02.15-21.30.23:949][481]LogSwarmInterface: [TryOpenConnection] Local Process ID is 8080
[2017.02.15-21.30.31:029][481]LogStaticLightingSystem:Warning: No importance volume found, so the scene bounding box was used.  You can optimize your scene's quality and lighting build times by adding importance volumes.
[2017.02.15-21.30.31:029][481]LogStaticLightingSystem: Running Lightmass w/ ImmediateImport mode ENABLED
[2017.02.15-21.30.31:029][481]LogStaticLightingSystem: Running Lightmass w/ ImmediateProcess mode ENABLED
[2017.02.15-21.30.31:030][481]LogStaticLightingSystem: Running Lightmass w/ Sorting mode ENABLED
[2017.02.15-21.30.31:030][481]LogStaticLightingSystem: Running Lightmass w/ Mapping paddings ENABLED
[2017.02.15-21.30.31:030][481]LogStaticLightingSystem: Running Lightmass w/ Mapping debug paddings DISABLED
[2017.02.15-21.30.31:220][481]LogEditorBuildUtils: Build time 0:08
[2017.02.15-21.30.50:962][982]Job is a success!
[2017.02.15-21.30.52:543][983]LogTexture:Display: Building textures: LQ_Lightmap_1_1 (DXT1)
[2017.02.15-21.30.52:543][983]LogTexture:Display: Building textures: HQ_Lightmap1_1 (AutoDXT)
[2017.02.15-21.30.52:543][983]LogTexture:Display: Building textures: HQ_Lightmap1_2 (AutoDXT)
[2017.02.15-21.30.52:543][983]LogTexture:Display: Building textures: LQ_Lightmap_1_2 (DXT1)
[2017.02.15-21.30.52:913][983]LogTexture:Display: Building textures: ShadowMapTexture2D_1 (G8)
[2017.02.15-21.30.52:913][983]LogTexture:Display: Building textures: ShadowMapTexture2D_0 (BGRA8)
[2017.02.15-21.30.52:960][983]Lightmass on DANNY: 20.5 sec total, 251 ms importing, 47 ms setup, 1.99 sec photons, 18.2 sec processing, 0 ms extra exporting [31/31 mappings]. Threads: 1:12 min total, 47.8 sec processing.
[2017.02.15-21.30.52:994][983]LogStaticLightingSystem: Illumination: 30.1 sec (1.29 sec encoding lightmaps, 358 ms encoding shadowmaps)
[2017.02.15-21.30.52:994][983]LogStaticLightingSystem: Lightmap texture memory:  2.0 MB (2.0 MB streaming, 0.0 MB non-streaming), 4 textures
[2017.02.15-21.30.52:994][983]LogStaticLightingSystem: Shadowmap texture memory: 2.7 MB (2.7 MB streaming, 0.0 MB non-streaming), 2 textures
[2017.02.15-21.30.53:036][983]DumpUnbuiltLightIteractions
[2017.02.15-21.30.53:036][983]Lights with unbuilt interactions: 0
[2017.02.15-21.30.53:036][983]
[2017.02.15-21.30.53:036][983]Primitives with unbuilt interactions: 0
[2017.02.15-21.30.53:045][984]Cmd: MAP CHECK NOTIFYRESULTS
[2017.02.15-21.30.53:045][984]MapCheck: New page: PrototypeMap - 15 Feb 2017 21:30:53
[2017.02.15-21.30.53:179][984]MapCheck: Info Map check complete: 0 Error(s), 0 Warning(s), took 133.874ms to complete.
[2017.02.15-21.30.53:939][  5]LogEditorViewport: Clicking on Actor (LMB): StaticMeshActor (SM_Door)
[2017.02.15-21.30.54:695][ 24]LogEditorViewport: Clicking on Actor (LMB): StaticMeshActor (SM_Door)
[2017.02.15-21.31.48:963][528]LogEditorViewport: Clicking on Actor (context menu): StaticMeshActor (SM_Door)
[2017.02.15-21.31.52:063][630]LogRenderer: Reallocating scene render targets to support 1432x924 NumSamples 1 (Frame:2062).
[2017.02.15-21.32.13:283][898]LogSavePackage: Save=41.05ms
[2017.02.15-21.32.13:284][898]LogSavePackage: Moving '../../../../../../Users/danny/Documents/Unreal Projects/New folder/DungeonCrawler/Saved/SM_Door19CA87DD43F9DDFD71A66AA46FDBF5F5.tmp' to '../../../../../../Users/danny/Documents/Unreal Projects/New folder/DungeonCrawler/Content/StarterContent/Props/SM_Door.uasset'
[2017.02.15-21.32.13:288][898]LogSavePackage:Display: Finished SavePackage ../../../../../../Users/danny/Documents/Unreal Projects/New folder/DungeonCrawler/Content/StarterContent/Props/SM_Door.uasset
[2017.02.15-21.32.25:155][105]LogEditorViewport: Clicking on Actor (context menu): StaticMeshActor (SM_Door)
[2017.02.15-21.33.16:134][  6]LogSavePackage: Save=11.64ms
[2017.02.15-21.33.16:135][  6]LogSavePackage: Moving '../../../../../../Users/danny/Documents/Unreal Projects/New folder/DungeonCrawler/Saved/SM_Door0F092D0D46ADA1AFC9BAD296D7430162.tmp' to '../../../../../../Users/danny/Documents/Unreal Projects/New folder/DungeonCrawler/Content/StarterContent/Props/SM_Door.uasset'
[2017.02.15-21.33.16:139][  6]LogSavePackage:Display: Finished SavePackage ../../../../../../Users/danny/Documents/Unreal Projects/New folder/DungeonCrawler/Content/StarterContent/Props/SM_Door.uasset
[2017.02.15-21.33.21:186][101]LogSavePackage: Save=72.35ms
[2017.02.15-21.33.21:186][101]LogSavePackage: Moving '../../../../../../Users/danny/Documents/Unreal Projects/New folder/DungeonCrawler/Saved/PrototypeMap8A74C08E47BB6D674E78A88E9BF36B51.tmp' to '../../../../../../Users/danny/Documents/Unreal Projects/New folder/DungeonCrawler/Content/PrototypeMap.umap'
[2017.02.15-21.33.21:197][101]LogSavePackage:Display: Finished SavePackage ../../../../../../Users/danny/Documents/Unreal Projects/New folder/DungeonCrawler/Content/PrototypeMap.umap
[2017.02.15-21.33.21:243][101]Cmd: OBJ SAVEPACKAGE PACKAGE="/Game/PrototypeMap_BuiltData" FILE="../../../../../../Users/danny/Documents/Unreal Projects/New folder/DungeonCrawler/Content/PrototypeMap_BuiltData.uasset" SILENT=true
[2017.02.15-21.33.21:535][101]LogSavePackage: Save=199.16ms
[2017.02.15-21.33.21:536][101]LogSavePackage: Moving '../../../../../../Users/danny/Documents/Unreal Projects/New folder/DungeonCrawler/Saved/PrototypeMap_BuiltDataC74D1217491E8CB24ACC9286074D4197.tmp' to '../../../../../../Users/danny/Documents/Unreal Projects/New folder/DungeonCrawler/Content/PrototypeMap_BuiltData.uasset'
[2017.02.15-21.33.21:542][101]LogSavePackage:Display: Finished SavePackage ../../../../../../Users/danny/Documents/Unreal Projects/New folder/DungeonCrawler/Content/PrototypeMap_BuiltData.uasset
[2017.02.15-21.33.22:536][129]LogTemp: Repeting last play command: Selected Viewport
[2017.02.15-21.33.22:563][129]LogPlayLevel: PlayLevel: No blueprints needed recompiling
[2017.02.15-21.33.22:563][129]PIE: New page: PIE session: PrototypeMap (15 Feb 2017 21:33:22)
[2017.02.15-21.33.22:564][129]LogPlayLevel: Creating play world package: /Game/UEDPIE_0_PrototypeMap
[2017.02.15-21.33.22:571][129]LogPlayLevel: PIE: StaticDuplicateObject took: (0.007258s)
[2017.02.15-21.33.22:572][129]LogAIModule: Creating AISystem for world PrototypeMap
[2017.02.15-21.33.22:573][129]LogPlayLevel: PIE: World Init took: (0.001318s)
[2017.02.15-21.33.22:573][129]LogPlayLevel: PIE: Created PIE world by copying editor world from /Game/PrototypeMap.PrototypeMap to /Game/UEDPIE_0_PrototypeMap.PrototypeMap (0.009416s)
[2017.02.15-21.33.22:606][129]LogInit: XAudio2 using 'Speakers / HP (IDT High Definition Audio CODEC)' : 2 channels at 48 kHz using 16 bits per sample (channel mask 0x3)
[2017.02.15-21.33.22:636][129]LogInit: FAudioDevice initialized.
[2017.02.15-21.33.23:314][129]LogLoad: Game class is 'TopDownGameMode_C'
[2017.02.15-21.33.23:320][129]LogWorld: Bringing World /Game/UEDPIE_0_PrototypeMap.PrototypeMap up for play (max tick rate 0) at 2017.02.15-21.33.23
[2017.02.15-21.33.23:320][129]LogWorld: Bringing up level for play took: 0.003561
[2017.02.15-21.33.23:421][129]LogContentBrowser: Native class hierarchy updated for 'MovieSceneCapture' in 0.0031 seconds. Added 11 classes and 0 folders.
[2017.02.15-21.33.23:427][129]PIE: Info Play in editor start time for /Game/UEDPIE_0_PrototypeMap 0.397
[2017.02.15-21.56.31:468][989]LogEditorViewport: Clicking on Actor (LMB): StaticMeshActor (SM_Door)
[2017.02.15-21.59.22:880][168]LogEditorViewport: Clicking on Actor (LMB): StaticMeshActor (SM_Door)
[2017.02.15-21.59.27:544][280]LogContentBrowser: Native class hierarchy updated for 'SceneOutliner' in 0.0032 seconds. Added 1 classes and 2 folders.
[2017.02.15-22.01.18:810][650]LogTemp: Repeting last play command: Selected Viewport
[2017.02.15-22.01.18:835][650]LogPlayLevel: PlayLevel: No blueprints needed recompiling
[2017.02.15-22.01.18:836][650]PIE: New page: PIE session: PrototypeMap (15 Feb 2017 22:01:18)
[2017.02.15-22.01.18:836][650]LogPlayLevel: Creating play world package: /Game/UEDPIE_0_PrototypeMap
[2017.02.15-22.01.18:850][650]LogPlayLevel: PIE: StaticDuplicateObject took: (0.014194s)
[2017.02.15-22.01.18:852][650]LogAIModule: Creating AISystem for world PrototypeMap
[2017.02.15-22.01.18:853][650]LogPlayLevel: PIE: World Init took: (0.001907s)
[2017.02.15-22.01.18:853][650]LogPlayLevel: PIE: Created PIE world by copying editor world from /Game/PrototypeMap.PrototypeMap to /Game/UEDPIE_0_PrototypeMap.PrototypeMap (0.016928s)
[2017.02.15-22.01.18:883][650]LogInit: XAudio2 using 'Speakers / HP (IDT High Definition Audio CODEC)' : 2 channels at 48 kHz using 16 bits per sample (channel mask 0x3)
[2017.02.15-22.01.18:913][650]LogInit: FAudioDevice initialized.
[2017.02.15-22.01.18:950][650]LogLoad: Game class is 'TopDownGameMode_C'
[2017.02.15-22.01.18:955][650]LogWorld: Bringing World /Game/UEDPIE_0_PrototypeMap.PrototypeMap up for play (max tick rate 0) at 2017.02.15-22.01.18
[2017.02.15-22.01.18:956][650]LogWorld: Bringing up level for play took: 0.003386
[2017.02.15-22.01.18:961][650]PIE: Info Play in editor start time for /Game/UEDPIE_0_PrototypeMap -0.068
[2017.02.15-22.01.22:987][838]LogEditorViewport: Clicking on Actor (LMB): TopDownCharacter_C (TopDownCharacter)
[2017.02.15-22.03.27:602][742]LogEditorViewport: Clicking on Actor (LMB): StaticMeshActor (SM_DoorFrame)
[2017.02.15-22.03.30:676][813]LogEditorViewport: Clicking on Actor (LMB): StaticMeshActor (SM_Door)
[2017.02.15-22.03.31:887][837]LogEditorViewport: Clicking on Actor (LMB): StaticMeshActor (SM_Door)
[2017.02.15-22.03.32:776][858]LogEditorViewport: Clicking on Actor (LMB): StaticMeshActor (SM_Door)
[2017.02.15-22.03.33:944][884]LogEditorViewport: Clicking on Actor (LMB): StaticMeshActor (SM_Door)
[2017.02.15-22.03.34:475][895]LogEditorViewport: Clicking on Actor (LMB): StaticMeshActor (SM_Door)
[2017.02.15-22.03.37:057][958]LogEditorViewport: Clicking on Actor (LMB): StaticMeshActor (SM_Door)
[2017.02.15-22.03.37:966][981]LogEditorViewport: Clicking on Actor (LMB): StaticMeshActor (SM_Door)
[2017.02.15-22.03.38:075][981]LogEditorViewport: Clicking on Component (LMB): StaticMeshComponent (StaticMeshComponent0)
[2017.02.15-22.04.06:340][319]LogHotReload: New module detected: UE4Editor-DungeonCrawler-3810.dll
[2017.02.15-22.04.11:327][450]LogHotReload: Starting Hot-Reload from IDE
[2017.02.15-22.04.11:606][450]LogClass: Could not find existing class DoorControl in package /Script/DungeonCrawler for HotReload, assuming new class
[2017.02.15-22.04.11:612][450]LogHotReload: Re-instancing DoorControl after hot-reload.
[2017.02.15-22.04.11:720][450]LogContentBrowser: Native class hierarchy updated for 'DungeonCrawler' in 0.0044 seconds. Added 1 classes and 2 folders.
[2017.02.15-22.04.11:725][450]Display: HotReload successful (0 functions remapped  0 scriptstructs remapped)
[2017.02.15-22.04.11:763][450]LogContentBrowser: Native class hierarchy populated in 0.0311 seconds. Added 2193 classes and 434 folders.
[2017.02.15-22.04.11:768][450]Display: HotReload took  0.4s.
[2017.02.15-22.07.37:196][660]LogTemp: Repeting last play command: Selected Viewport
[2017.02.15-22.07.37:218][660]LogPlayLevel: PlayLevel: No blueprints needed recompiling
[2017.02.15-22.07.37:218][660]PIE: New page: PIE session: PrototypeMap (15 Feb 2017 22:07:37)
[2017.02.15-22.07.37:219][660]LogPlayLevel: Creating play world package: /Game/UEDPIE_0_PrototypeMap
[2017.02.15-22.07.37:230][660]LogPlayLevel: PIE: StaticDuplicateObject took: (0.011053s)
[2017.02.15-22.07.37:232][660]LogAIModule: Creating AISystem for world PrototypeMap
[2017.02.15-22.07.37:232][660]LogPlayLevel: PIE: World Init took: (0.002117s)
[2017.02.15-22.07.37:233][660]LogPlayLevel: PIE: Created PIE world by copying editor world from /Game/PrototypeMap.PrototypeMap to /Game/UEDPIE_0_PrototypeMap.PrototypeMap (0.013966s)
[2017.02.15-22.07.37:260][660]LogInit: XAudio2 using 'Speakers / HP (IDT High Definition Audio CODEC)' : 2 channels at 48 kHz using 16 bits per sample (channel mask 0x3)
[2017.02.15-22.07.37:289][660]LogInit: FAudioDevice initialized.
[2017.02.15-22.07.37:325][660]LogLoad: Game class is 'TopDownGameMode_C'
[2017.02.15-22.07.37:329][660]LogWorld: Bringing World /Game/UEDPIE_0_PrototypeMap.PrototypeMap up for play (max tick rate 0) at 2017.02.15-22.07.37
[2017.02.15-22.07.37:330][660]LogWorld: Bringing up level for play took: 0.003145
[2017.02.15-22.07.37:335][660]PIE: Info Play in editor start time for /Game/UEDPIE_0_PrototypeMap 0.305
[2017.02.15-22.08.09:941][681]LogEditorViewport: Clicking on Actor (context menu): StaticMeshActor (Floor)
[2017.02.15-22.08.14:507][762]LogEditorViewport: Clicking on Actor (LMB): StaticMeshActor (SM_Door)
[2017.02.15-22.08.23:604][ 58]LogEditorViewport: Clicking on Actor (LMB): TopDownCharacter_C (TopDownCharacter)
[2017.02.15-22.08.25:717][ 92]LogEditorViewport: Clicking on Actor (LMB): StaticMeshActor (SM_Door)
[2017.02.15-22.08.45:861][900]LogEditorViewport: Clicking on Actor (LMB): TopDownCharacter_C (TopDownCharacter)
[2017.02.15-22.08.49:345][960]LogEditorViewport: Clicking on Actor (LMB): StaticMeshActor (SM_Door)
[2017.02.15-22.11.01:407][387]LogSlate: Only BGRA pngs, bmps or icos are supported in by External Image Picker
[2017.02.15-22.11.01:602][391]LogTemp:Display: Executing iPhonePackager certificates Engine -bundlename com.YourCompany.DungeonCrawler

[2017.02.15-22.11.01:602][391]LogTemp:Display: CWD: C:\Program Files (x86)\Epic Games\4.14\Engine\Binaries\DotNet\IOS

[2017.02.15-22.11.01:602][391]LogTemp:Display: Initial Dir: C:\Program Files (x86)\Epic Games\4.14

[2017.02.15-22.11.01:603][391]LogTemp:Display: Env CWD: C:\Program Files (x86)\Epic Games\4.14\Engine\Binaries\DotNet\IOS

[2017.02.15-22.11.01:603][391]LogTemp:Display: BranchPath = DANNY/C/Program Files (x86)/Epic Games/4.14/Engine/Binaries --- GameBranchPath = DANNY/C/Program Files (x86)/Epic Games/4.14/Engine/Binaries

[2017.02.15-22.11.01:682][393]LogTemp:Display: IPP ERROR: Application exception: System.IO.DirectoryNotFoundException: Could not find a part of the path 'C:\Users\danny\AppData\Local\Apple Computer\MobileDevice\Provisioning Profiles'.

[2017.02.15-22.11.01:682][393]LogTemp:Display:    at System.IO.__Error.WinIOError(Int32 errorCode, String maybeFullPath)

[2017.02.15-22.11.01:683][393]LogTemp:Display:    at System.IO.FileSystemEnumerableIterator`1.CommonInit()

[2017.02.15-22.11.01:683][393]LogTemp:Display:    at System.IO.Directory.EnumerateFiles(String path, String searchPattern)

[2017.02.15-22.11.01:683][393]LogTemp:Display:    at iPhonePackager.CodeSignatureBuilder.FindProvisions(String CFBundleIdentifier)

[2017.02.15-22.11.01:683][393]LogTemp:Display:    at iPhonePackager.Program.Main(String[] args)

[2017.02.15-22.11.22:761][156]LogEditorViewport: Clicking on Actor (LMB): TopDownCharacter_C (TopDownCharacter)
[2017.02.15-22.11.27:475][262]LogEditorViewport: Clicking on Actor (LMB): TriggerVolume (TriggerVolume)
[2017.02.15-22.11.29:959][323]LogTemp: Repeting last play command: Selected Viewport
[2017.02.15-22.11.29:987][323]LogPlayLevel: PlayLevel: No blueprints needed recompiling
[2017.02.15-22.11.29:988][323]PIE: New page: PIE session: PrototypeMap (15 Feb 2017 22:11:29)
[2017.02.15-22.11.29:988][323]LogPlayLevel: Creating play world package: /Game/UEDPIE_0_PrototypeMap
[2017.02.15-22.11.29:997][323]LogPlayLevel: PIE: StaticDuplicateObject took: (0.008868s)
[2017.02.15-22.11.29:999][323]LogAIModule: Creating AISystem for world PrototypeMap
[2017.02.15-22.11.29:999][323]LogPlayLevel: PIE: World Init took: (0.001873s)
[2017.02.15-22.11.30:000][323]LogPlayLevel: PIE: Created PIE world by copying editor world from /Game/PrototypeMap.PrototypeMap to /Game/UEDPIE_0_PrototypeMap.PrototypeMap (0.011668s)
[2017.02.15-22.11.30:030][323]LogInit: XAudio2 using 'Speakers / HP (IDT High Definition Audio CODEC)' : 2 channels at 48 kHz using 16 bits per sample (channel mask 0x3)
[2017.02.15-22.11.30:061][323]LogInit: FAudioDevice initialized.
[2017.02.15-22.11.30:103][323]LogLoad: Game class is 'GameMode'
[2017.02.15-22.11.30:107][323]LogWorld: Bringing World /Game/UEDPIE_0_PrototypeMap.PrototypeMap up for play (max tick rate 0) at 2017.02.15-22.11.30
[2017.02.15-22.11.30:108][323]LogWorld: Bringing up level for play took: 0.003199
[2017.02.15-22.11.30:109][323]LogGameMode:Display: Match State Changed from EnteringMap to WaitingToStart
[2017.02.15-22.11.30:289][323]LogGameState: Match State Changed from EnteringMap to WaitingToStart
[2017.02.15-22.11.30:290][323]LogGameMode:Display: Match State Changed from WaitingToStart to InProgress
[2017.02.15-22.11.30:317][323]LogGameState: Match State Changed from WaitingToStart to InProgress
[2017.02.15-22.11.30:318][323]PIE: Info Play in editor start time for /Game/UEDPIE_0_PrototypeMap 1.288
[2017.02.15-22.11.53:561][629]Set new viewmode: Wireframe
[2017.02.15-22.11.54:227][681]Set new viewmode: Wireframe
[2017.02.15-22.11.55:229][751]Set new viewmode: Wireframe
[2017.02.15-22.11.56:587][854]Set new viewmode: Wireframe
[2017.02.15-22.12.11:184][521]LogTemp: Repeting last play command: Selected Viewport
[2017.02.15-22.12.11:213][521]LogPlayLevel: PlayLevel: No blueprints needed recompiling
[2017.02.15-22.12.11:213][521]PIE: New page: PIE session: PrototypeMap (15 Feb 2017 22:12:11)
[2017.02.15-22.12.11:213][521]LogPlayLevel: Creating play world package: /Game/UEDPIE_0_PrototypeMap
[2017.02.15-22.12.11:222][521]LogPlayLevel: PIE: StaticDuplicateObject took: (0.008229s)
[2017.02.15-22.12.11:223][521]LogAIModule: Creating AISystem for world PrototypeMap
[2017.02.15-22.12.11:223][521]LogPlayLevel: PIE: World Init took: (0.001579s)
[2017.02.15-22.12.11:224][521]LogPlayLevel: PIE: Created PIE world by copying editor world from /Game/PrototypeMap.PrototypeMap to /Game/UEDPIE_0_PrototypeMap.PrototypeMap (0.010626s)
[2017.02.15-22.12.11:257][521]LogInit: XAudio2 using 'Speakers / HP (IDT High Definition Audio CODEC)' : 2 channels at 48 kHz using 16 bits per sample (channel mask 0x3)
[2017.02.15-22.12.11:288][521]LogInit: FAudioDevice initialized.
[2017.02.15-22.12.11:330][521]LogLoad: Game class is 'GameMode'
[2017.02.15-22.12.11:334][521]LogWorld: Bringing World /Game/UEDPIE_0_PrototypeMap.PrototypeMap up for play (max tick rate 0) at 2017.02.15-22.12.11
[2017.02.15-22.12.11:335][521]LogWorld: Bringing up level for play took: 0.002950
[2017.02.15-22.12.11:336][521]LogGameMode:Display: Match State Changed from EnteringMap to WaitingToStart
[2017.02.15-22.12.11:337][521]LogGameState: Match State Changed from EnteringMap to WaitingToStart
[2017.02.15-22.12.11:337][521]LogGameMode:Display: Match State Changed from WaitingToStart to InProgress
[2017.02.15-22.12.11:338][521]LogGameState: Match State Changed from WaitingToStart to InProgress
[2017.02.15-22.12.11:338][521]PIE: Info Play in editor start time for /Game/UEDPIE_0_PrototypeMap 0.309
[2017.02.15-22.12.18:045][719]LogEditorViewport: Clicking on Actor (LMB): DefaultPawn (DefaultPawn)
[2017.02.15-22.13.15:257][113]LogSavePackage: Save=83.43ms
[2017.02.15-22.13.15:258][113]LogSavePackage: Moving '../../../../../../Users/danny/Documents/Unreal Projects/New folder/DungeonCrawler/Saved/PrototypeMap_Auto1290C85C14CF93BBFFD70D6BE65F64AC2.tmp' to '../../../../../../Users/danny/Documents/Unreal Projects/New folder/DungeonCrawler/Saved/Autosaves/Game/PrototypeMap_Auto1.umap'
[2017.02.15-22.13.15:262][113]LogSavePackage:Display: Finished SavePackage ../../../../../../Users/danny/Documents/Unreal Projects/New folder/DungeonCrawler/Saved/Autosaves/Game/PrototypeMap_Auto1.umap
[2017.02.15-22.13.15:272][113]LogFileHelpers: Editor autosave (incl. sublevels) for '/Game/PrototypeMap' took 0.151
[2017.02.15-22.13.15:272][113]LogFileHelpers: Editor autosave (incl. sublevels) for all levels took 0.151
[2017.02.15-22.15.43:799][558]LogHotReload: New module detected: UE4Editor-DungeonCrawler-5753.dll
[2017.02.15-22.15.46:156][566]LogHotReload: Starting Hot-Reload from IDE
[2017.02.15-22.15.46:366][566]LogClass: Could not find existing class DoorControl in package /Script/DungeonCrawler for HotReload, assuming new class
[2017.02.15-22.15.46:371][566]LogHotReload: Re-instancing DoorControl after hot-reload.
[2017.02.15-22.15.46:437][566]LogContentBrowser: Native class hierarchy updated for 'DungeonCrawler' in 0.0032 seconds. Added 1 classes and 2 folders.
[2017.02.15-22.15.46:441][566]Display: HotReload successful (0 functions remapped  0 scriptstructs remapped)
[2017.02.15-22.15.46:471][566]LogContentBrowser: Native class hierarchy populated in 0.0239 seconds. Added 2193 classes and 434 folders.
[2017.02.15-22.15.46:476][566]Display: HotReload took  0.3s.
[2017.02.15-22.15.53:203][665]LogTemp: Repeting last play command: Selected Viewport
[2017.02.15-22.15.53:231][665]LogPlayLevel: PlayLevel: No blueprints needed recompiling
[2017.02.15-22.15.53:231][665]PIE: New page: PIE session: PrototypeMap (15 Feb 2017 22:15:53)
[2017.02.15-22.15.53:231][665]LogPlayLevel: Creating play world package: /Game/UEDPIE_0_PrototypeMap
[2017.02.15-22.15.53:240][665]LogPlayLevel: PIE: StaticDuplicateObject took: (0.008894s)
[2017.02.15-22.15.53:242][665]LogAIModule: Creating AISystem for world PrototypeMap
[2017.02.15-22.15.53:242][665]LogPlayLevel: PIE: World Init took: (0.001627s)
[2017.02.15-22.15.53:242][665]LogPlayLevel: PIE: Created PIE world by copying editor world from /Game/PrototypeMap.PrototypeMap to /Game/UEDPIE_0_PrototypeMap.PrototypeMap (0.011277s)
[2017.02.15-22.15.53:276][665]LogInit: XAudio2 using 'Speakers / HP (IDT High Definition Audio CODEC)' : 2 channels at 48 kHz using 16 bits per sample (channel mask 0x3)
[2017.02.15-22.15.53:305][665]LogInit: FAudioDevice initialized.
[2017.02.15-22.15.53:344][665]LogLoad: Game class is 'GameMode'
[2017.02.15-22.15.53:350][665]LogWorld: Bringing World /Game/UEDPIE_0_PrototypeMap.PrototypeMap up for play (max tick rate 0) at 2017.02.15-22.15.53
[2017.02.15-22.15.53:351][665]LogWorld: Bringing up level for play took: 0.003980
[2017.02.15-22.15.53:353][665]LogGameMode:Display: Match State Changed from EnteringMap to WaitingToStart
[2017.02.15-22.15.53:353][665]LogGameState: Match State Changed from EnteringMap to WaitingToStart
[2017.02.15-22.15.53:353][665]LogGameMode:Display: Match State Changed from WaitingToStart to InProgress
[2017.02.15-22.15.53:355][665]LogGameState: Match State Changed from WaitingToStart to InProgress
[2017.02.15-22.15.53:355][665]PIE: Info Play in editor start time for /Game/UEDPIE_0_PrototypeMap 0.326
